[ 2016-03-07T10:14:25+08:00 ] ::1 /wemall2.3.0/index.php?m=App&c=Index&a=index&uid=1
INFO: [ app_init ] --START--
INFO: Run Behavior\BuildLiteBehavior [ RunTime:0.000022s ]
INFO: [ app_init ] --END-- [ RunTime:0.000112s ]
SQL: SHOW COLUMNS FROM `wemall_info` [ RunTime:0.0491s ]
SQL: SELECT * FROM `wemall_info` LIMIT 1   [ RunTime:0.0005s ]
INFO: [ app_begin ] --START--
INFO: Run Behavior\ReadHtmlCacheBehavior [ RunTime:0.000575s ]
INFO: [ app_begin ] --END-- [ RunTime:0.000650s ]
SQL: SELECT * FROM `wemall_info` LIMIT 1   [ RunTime:0.0004s ]
SQL: SHOW COLUMNS FROM `wemall_menu` [ RunTime:0.0570s ]
SQL: SELECT * FROM `wemall_menu`  [ RunTime:0.0004s ]
SQL: SHOW COLUMNS FROM `wemall_good` [ RunTime:0.0733s ]
SQL: SELECT * FROM `wemall_good`  [ RunTime:0.0007s ]
SQL: SHOW COLUMNS FROM `wemall_user` [ RunTime:0.0266s ]
SQL: SELECT * FROM `wemall_user` WHERE `uid` = '1' LIMIT 1   [ RunTime:0.0003s ]
SQL: SHOW COLUMNS FROM `wemall_alipay` [ RunTime:0.0030s ]
SQL: SELECT * FROM `wemall_alipay` LIMIT 1   [ RunTime:0.0004s ]
INFO: [ view_parse ] --START--
INFO: [ template_filter ] --START--
INFO: Run Behavior\ContentReplaceBehavior [ RunTime:0.000217s ]
INFO: [ template_filter ] --END-- [ RunTime:0.000311s ]
INFO: Run Behavior\ParseTemplateBehavior [ RunTime:0.019306s ]
INFO: [ view_parse ] --END-- [ RunTime:0.019400s ]
INFO: [ view_filter ] --START--
INFO: Run Behavior\WriteHtmlCacheBehavior [ RunTime:0.000363s ]
INFO: [ view_filter ] --END-- [ RunTime:0.000435s ]
INFO: [ app_end ] --START--
INFO: Run Behavior\ShowPageTraceBehavior [ RunTime:0.000810s ]
INFO: [ app_end ] --END-- [ RunTime:0.000904s ]

[ 2016-03-07T10:16:28+08:00 ] ::1 /wemall2.3.0/index.php?m=App&c=Index&a=index&uid=1
INFO: [ app_init ] --START--
INFO: Run Behavior\BuildLiteBehavior [ RunTime:0.000028s ]
INFO: [ app_init ] --END-- [ RunTime:0.001457s ]
SQL: SHOW COLUMNS FROM `wemall_info` [ RunTime:0.0039s ]
SQL: SELECT * FROM `wemall_info` LIMIT 1   [ RunTime:0.0004s ]
INFO: [ app_begin ] --START--
INFO: Run Behavior\ReadHtmlCacheBehavior [ RunTime:0.000751s ]
INFO: [ app_begin ] --END-- [ RunTime:0.000841s ]
SQL: SELECT * FROM `wemall_info` LIMIT 1   [ RunTime:0.0003s ]
SQL: SHOW COLUMNS FROM `wemall_menu` [ RunTime:0.0034s ]
SQL: SELECT * FROM `wemall_menu`  [ RunTime:0.0007s ]
SQL: SHOW COLUMNS FROM `wemall_good` [ RunTime:0.0040s ]
SQL: SELECT * FROM `wemall_good`  [ RunTime:0.0004s ]
SQL: SHOW COLUMNS FROM `wemall_user` [ RunTime:0.0036s ]
SQL: SELECT * FROM `wemall_user` WHERE `uid` = '1' LIMIT 1   [ RunTime:0.0004s ]
SQL: SHOW COLUMNS FROM `wemall_alipay` [ RunTime:0.0030s ]
SQL: SELECT * FROM `wemall_alipay` LIMIT 1   [ RunTime:0.0003s ]
INFO: [ view_parse ] --START--
INFO: [ template_filter ] --START--
INFO: Run Behavior\ContentReplaceBehavior [ RunTime:0.000145s ]
INFO: [ template_filter ] --END-- [ RunTime:0.000208s ]
INFO: Run Behavior\ParseTemplateBehavior [ RunTime:0.012567s ]
INFO: [ view_parse ] --END-- [ RunTime:0.012637s ]
INFO: [ view_filter ] --START--
INFO: Run Behavior\WriteHtmlCacheBehavior [ RunTime:0.000285s ]
INFO: [ view_filter ] --END-- [ RunTime:0.000345s ]
INFO: [ app_end ] --START--
INFO: Run Behavior\ShowPageTraceBehavior [ RunTime:0.000755s ]
INFO: [ app_end ] --END-- [ RunTime:0.000843s ]

[ 2016-03-07T10:17:16+08:00 ] ::1 /wemall2.3.0/index.php/App/Index/getorders
INFO: [ app_init ] --START--
INFO: Run Behavior\BuildLiteBehavior [ RunTime:0.000015s ]
INFO: [ app_init ] --END-- [ RunTime:0.000080s ]
SQL: SHOW COLUMNS FROM `wemall_info` [ RunTime:0.0028s ]
SQL: SELECT * FROM `wemall_info` LIMIT 1   [ RunTime:0.0003s ]
INFO: [ app_begin ] --START--
INFO: Run Behavior\ReadHtmlCacheBehavior [ RunTime:0.000727s ]
INFO: [ app_begin ] --END-- [ RunTime:0.000783s ]
SQL: SHOW COLUMNS FROM `wemall_user` [ RunTime:0.0026s ]
SQL: SELECT * FROM `wemall_user` WHERE `uid` = '1' LIMIT 1   [ RunTime:0.0003s ]
SQL: SHOW COLUMNS FROM `wemall_order` [ RunTime:0.0559s ]
SQL: SELECT * FROM `wemall_order` WHERE `user_id` = 1 ORDER BY id desc  [ RunTime:0.0011s ]

[ 2016-03-07T10:24:22+08:00 ] ::1 /wemall2.3.0/index.php?m=App&c=Index&a=index&uid=1
INFO: [ app_init ] --START--
INFO: Run Behavior\BuildLiteBehavior [ RunTime:0.000027s ]
INFO: [ app_init ] --END-- [ RunTime:0.000127s ]
SQL: SHOW COLUMNS FROM `wemall_info` [ RunTime:0.0037s ]
SQL: SELECT * FROM `wemall_info` LIMIT 1   [ RunTime:0.0006s ]
INFO: [ app_begin ] --START--
INFO: Run Behavior\ReadHtmlCacheBehavior [ RunTime:0.000823s ]
INFO: [ app_begin ] --END-- [ RunTime:0.000937s ]
SQL: SELECT * FROM `wemall_info` LIMIT 1   [ RunTime:0.0004s ]
SQL: SHOW COLUMNS FROM `wemall_menu` [ RunTime:0.0035s ]
SQL: SELECT * FROM `wemall_menu`  [ RunTime:0.0004s ]
SQL: SHOW COLUMNS FROM `wemall_good` [ RunTime:0.0037s ]
SQL: SELECT * FROM `wemall_good`  [ RunTime:0.0004s ]
SQL: SHOW COLUMNS FROM `wemall_user` [ RunTime:0.0037s ]
SQL: SELECT * FROM `wemall_user` WHERE `uid` = '1' LIMIT 1   [ RunTime:0.0004s ]
SQL: SHOW COLUMNS FROM `wemall_alipay` [ RunTime:0.0033s ]
SQL: SELECT * FROM `wemall_alipay` LIMIT 1   [ RunTime:0.0003s ]
INFO: [ view_parse ] --START--
INFO: [ template_filter ] --START--
INFO: Run Behavior\ContentReplaceBehavior [ RunTime:0.000204s ]
INFO: [ template_filter ] --END-- [ RunTime:0.000295s ]
INFO: Run Behavior\ParseTemplateBehavior [ RunTime:0.013443s ]
INFO: [ view_parse ] --END-- [ RunTime:0.013520s ]
INFO: [ view_filter ] --START--
INFO: Run Behavior\WriteHtmlCacheBehavior [ RunTime:0.000268s ]
INFO: [ view_filter ] --END-- [ RunTime:0.000315s ]
INFO: [ app_end ] --START--
INFO: Run Behavior\ShowPageTraceBehavior [ RunTime:0.000739s ]
INFO: [ app_end ] --END-- [ RunTime:0.000833s ]

[ 2016-03-07T10:24:27+08:00 ] ::1 /wemall2.3.0/index.php/App/Index/getorders
INFO: [ app_init ] --START--
INFO: Run Behavior\BuildLiteBehavior [ RunTime:0.000017s ]
INFO: [ app_init ] --END-- [ RunTime:0.000091s ]
SQL: SHOW COLUMNS FROM `wemall_info` [ RunTime:0.0026s ]
SQL: SELECT * FROM `wemall_info` LIMIT 1   [ RunTime:0.0003s ]
INFO: [ app_begin ] --START--
INFO: Run Behavior\ReadHtmlCacheBehavior [ RunTime:0.000743s ]
INFO: [ app_begin ] --END-- [ RunTime:0.000802s ]
SQL: SHOW COLUMNS FROM `wemall_user` [ RunTime:0.0026s ]
SQL: SELECT * FROM `wemall_user` WHERE `uid` = '1' LIMIT 1   [ RunTime:0.0004s ]
SQL: SHOW COLUMNS FROM `wemall_order` [ RunTime:0.0025s ]
SQL: SELECT * FROM `wemall_order` WHERE `user_id` = 1 ORDER BY id desc  [ RunTime:0.0004s ]

[ 2016-03-07T10:24:31+08:00 ] ::1 /wemall2.3.0/index.php?m=App&c=Index&a=index&uid=1
INFO: [ app_init ] --START--
INFO: Run Behavior\BuildLiteBehavior [ RunTime:0.000016s ]
INFO: [ app_init ] --END-- [ RunTime:0.000081s ]
SQL: SHOW COLUMNS FROM `wemall_info` [ RunTime:0.0047s ]
SQL: SELECT * FROM `wemall_info` LIMIT 1   [ RunTime:0.0004s ]
INFO: [ app_begin ] --START--
INFO: Run Behavior\ReadHtmlCacheBehavior [ RunTime:0.000729s ]
INFO: [ app_begin ] --END-- [ RunTime:0.000828s ]
SQL: SELECT * FROM `wemall_info` LIMIT 1   [ RunTime:0.0004s ]
SQL: SHOW COLUMNS FROM `wemall_menu` [ RunTime:0.0037s ]
SQL: SELECT * FROM `wemall_menu`  [ RunTime:0.0003s ]
SQL: SHOW COLUMNS FROM `wemall_good` [ RunTime:0.0041s ]
SQL: SELECT * FROM `wemall_good`  [ RunTime:0.0005s ]
SQL: SHOW COLUMNS FROM `wemall_user` [ RunTime:0.0037s ]
SQL: SELECT * FROM `wemall_user` WHERE `uid` = '1' LIMIT 1   [ RunTime:0.0004s ]
SQL: SHOW COLUMNS FROM `wemall_alipay` [ RunTime:0.0026s ]
SQL: SELECT * FROM `wemall_alipay` LIMIT 1   [ RunTime:0.0003s ]
INFO: [ view_parse ] --START--
INFO: [ template_filter ] --START--
INFO: Run Behavior\ContentReplaceBehavior [ RunTime:0.000149s ]
INFO: [ template_filter ] --END-- [ RunTime:0.000213s ]
INFO: Run Behavior\ParseTemplateBehavior [ RunTime:0.014138s ]
INFO: [ view_parse ] --END-- [ RunTime:0.014236s ]
INFO: [ view_filter ] --START--
INFO: Run Behavior\WriteHtmlCacheBehavior [ RunTime:0.000630s ]
INFO: [ view_filter ] --END-- [ RunTime:0.000702s ]
INFO: [ app_end ] --START--
INFO: Run Behavior\ShowPageTraceBehavior [ RunTime:0.001028s ]
INFO: [ app_end ] --END-- [ RunTime:0.001116s ]

[ 2016-03-07T10:24:34+08:00 ] ::1 /wemall2.3.0/index.php/App/Index/getorders
INFO: [ app_init ] --START--
INFO: Run Behavior\BuildLiteBehavior [ RunTime:0.000016s ]
INFO: [ app_init ] --END-- [ RunTime:0.000080s ]
SQL: SHOW COLUMNS FROM `wemall_info` [ RunTime:0.0027s ]
SQL: SELECT * FROM `wemall_info` LIMIT 1   [ RunTime:0.0003s ]
INFO: [ app_begin ] --START--
INFO: Run Behavior\ReadHtmlCacheBehavior [ RunTime:0.000597s ]
INFO: [ app_begin ] --END-- [ RunTime:0.000654s ]
SQL: SHOW COLUMNS FROM `wemall_user` [ RunTime:0.0028s ]
SQL: SELECT * FROM `wemall_user` WHERE `uid` = '1' LIMIT 1   [ RunTime:0.0003s ]
SQL: SHOW COLUMNS FROM `wemall_order` [ RunTime:0.0028s ]
SQL: SELECT * FROM `wemall_order` WHERE `user_id` = 1 ORDER BY id desc  [ RunTime:0.0004s ]

[ 2016-03-07T10:25:06+08:00 ] ::1 /wemall2.3.0/index.php?m=App&c=Index&a=index&uid=1
INFO: [ app_init ] --START--
INFO: Run Behavior\BuildLiteBehavior [ RunTime:0.000022s ]
INFO: [ app_init ] --END-- [ RunTime:0.000119s ]
SQL: SHOW COLUMNS FROM `wemall_info` [ RunTime:0.0037s ]
SQL: SELECT * FROM `wemall_info` LIMIT 1   [ RunTime:0.0004s ]
INFO: [ app_begin ] --START--
INFO: Run Behavior\ReadHtmlCacheBehavior [ RunTime:0.000741s ]
INFO: [ app_begin ] --END-- [ RunTime:0.000837s ]
SQL: SELECT * FROM `wemall_info` LIMIT 1   [ RunTime:0.0007s ]
SQL: SHOW COLUMNS FROM `wemall_menu` [ RunTime:0.0041s ]
SQL: SELECT * FROM `wemall_menu`  [ RunTime:0.0004s ]
SQL: SHOW COLUMNS FROM `wemall_good` [ RunTime:0.0040s ]
SQL: SELECT * FROM `wemall_good`  [ RunTime:0.0006s ]
SQL: SHOW COLUMNS FROM `wemall_user` [ RunTime:0.0037s ]
SQL: SELECT * FROM `wemall_user` WHERE `uid` = '1' LIMIT 1   [ RunTime:0.0005s ]
SQL: SHOW COLUMNS FROM `wemall_alipay` [ RunTime:0.0038s ]
SQL: SELECT * FROM `wemall_alipay` LIMIT 1   [ RunTime:0.0003s ]
INFO: [ view_parse ] --START--
INFO: [ template_filter ] --START--
INFO: Run Behavior\ContentReplaceBehavior [ RunTime:0.000146s ]
INFO: [ template_filter ] --END-- [ RunTime:0.000207s ]
INFO: Run Behavior\ParseTemplateBehavior [ RunTime:0.012104s ]
INFO: [ view_parse ] --END-- [ RunTime:0.012182s ]
INFO: [ view_filter ] --START--
INFO: Run Behavior\WriteHtmlCacheBehavior [ RunTime:0.000531s ]
INFO: [ view_filter ] --END-- [ RunTime:0.000582s ]
INFO: [ app_end ] --START--
INFO: Run Behavior\ShowPageTraceBehavior [ RunTime:0.000863s ]
INFO: [ app_end ] --END-- [ RunTime:0.000936s ]

[ 2016-03-07T10:25:08+08:00 ] ::1 /wemall2.3.0/index.php?m=App&c=Index&a=index&uid=1
INFO: [ app_init ] --START--
INFO: Run Behavior\BuildLiteBehavior [ RunTime:0.000017s ]
INFO: [ app_init ] --END-- [ RunTime:0.000097s ]
SQL: SHOW COLUMNS FROM `wemall_info` [ RunTime:0.0040s ]
SQL: SELECT * FROM `wemall_info` LIMIT 1   [ RunTime:0.0013s ]
INFO: [ app_begin ] --START--
INFO: Run Behavior\ReadHtmlCacheBehavior [ RunTime:0.000602s ]
INFO: [ app_begin ] --END-- [ RunTime:0.000670s ]
SQL: SELECT * FROM `wemall_info` LIMIT 1   [ RunTime:0.0004s ]
SQL: SHOW COLUMNS FROM `wemall_menu` [ RunTime:0.0029s ]
SQL: SELECT * FROM `wemall_menu`  [ RunTime:0.0003s ]
SQL: SHOW COLUMNS FROM `wemall_good` [ RunTime:0.0038s ]
SQL: SELECT * FROM `wemall_good`  [ RunTime:0.0004s ]
SQL: SHOW COLUMNS FROM `wemall_user` [ RunTime:0.0028s ]
SQL: SELECT * FROM `wemall_user` WHERE `uid` = '1' LIMIT 1   [ RunTime:0.0003s ]
SQL: SHOW COLUMNS FROM `wemall_alipay` [ RunTime:0.0031s ]
SQL: SELECT * FROM `wemall_alipay` LIMIT 1   [ RunTime:0.0004s ]
INFO: [ view_parse ] --START--
INFO: [ template_filter ] --START--
INFO: Run Behavior\ContentReplaceBehavior [ RunTime:0.000218s ]
INFO: [ template_filter ] --END-- [ RunTime:0.000315s ]
INFO: Run Behavior\ParseTemplateBehavior [ RunTime:0.017264s ]
INFO: [ view_parse ] --END-- [ RunTime:0.017333s ]
INFO: [ view_filter ] --START--
INFO: Run Behavior\WriteHtmlCacheBehavior [ RunTime:0.000261s ]
INFO: [ view_filter ] --END-- [ RunTime:0.000309s ]
INFO: [ app_end ] --START--
INFO: Run Behavior\ShowPageTraceBehavior [ RunTime:0.000613s ]
INFO: [ app_end ] --END-- [ RunTime:0.000671s ]

[ 2016-03-07T10:25:12+08:00 ] ::1 /wemall2.3.0/index.php/App/Index/getorders
INFO: [ app_init ] --START--
INFO: Run Behavior\BuildLiteBehavior [ RunTime:0.000021s ]
INFO: [ app_init ] --END-- [ RunTime:0.000110s ]
SQL: SHOW COLUMNS FROM `wemall_info` [ RunTime:0.0026s ]
SQL: SELECT * FROM `wemall_info` LIMIT 1   [ RunTime:0.0002s ]
INFO: [ app_begin ] --START--
INFO: Run Behavior\ReadHtmlCacheBehavior [ RunTime:0.000594s ]
INFO: [ app_begin ] --END-- [ RunTime:0.000649s ]
SQL: SHOW COLUMNS FROM `wemall_user` [ RunTime:0.0026s ]
SQL: SELECT * FROM `wemall_user` WHERE `uid` = '1' LIMIT 1   [ RunTime:0.0003s ]
SQL: SHOW COLUMNS FROM `wemall_order` [ RunTime:0.0031s ]
SQL: SELECT * FROM `wemall_order` WHERE `user_id` = 1 ORDER BY id desc  [ RunTime:0.0004s ]

[ 2016-03-07T10:25:15+08:00 ] ::1 /wemall2.3.0/index.php/App/Index/getorders
INFO: [ app_init ] --START--
INFO: Run Behavior\BuildLiteBehavior [ RunTime:0.000015s ]
INFO: [ app_init ] --END-- [ RunTime:0.000080s ]
SQL: SHOW COLUMNS FROM `wemall_info` [ RunTime:0.0026s ]
SQL: SELECT * FROM `wemall_info` LIMIT 1   [ RunTime:0.0003s ]
INFO: [ app_begin ] --START--
INFO: Run Behavior\ReadHtmlCacheBehavior [ RunTime:0.000570s ]
INFO: [ app_begin ] --END-- [ RunTime:0.000624s ]
SQL: SHOW COLUMNS FROM `wemall_user` [ RunTime:0.0029s ]
SQL: SELECT * FROM `wemall_user` WHERE `uid` = '1' LIMIT 1   [ RunTime:0.0003s ]
SQL: SHOW COLUMNS FROM `wemall_order` [ RunTime:0.0027s ]
SQL: SELECT * FROM `wemall_order` WHERE `user_id` = 1 ORDER BY id desc  [ RunTime:0.0004s ]

[ 2016-03-07T10:25:16+08:00 ] ::1 /wemall2.3.0/index.php/App/Index/getorders
INFO: [ app_init ] --START--
INFO: Run Behavior\BuildLiteBehavior [ RunTime:0.000014s ]
INFO: [ app_init ] --END-- [ RunTime:0.000078s ]
SQL: SHOW COLUMNS FROM `wemall_info` [ RunTime:0.0026s ]
SQL: SELECT * FROM `wemall_info` LIMIT 1   [ RunTime:0.0003s ]
INFO: [ app_begin ] --START--
INFO: Run Behavior\ReadHtmlCacheBehavior [ RunTime:0.000586s ]
INFO: [ app_begin ] --END-- [ RunTime:0.000640s ]
SQL: SHOW COLUMNS FROM `wemall_user` [ RunTime:0.0026s ]
SQL: SELECT * FROM `wemall_user` WHERE `uid` = '1' LIMIT 1   [ RunTime:0.0003s ]
SQL: SHOW COLUMNS FROM `wemall_order` [ RunTime:0.0029s ]
SQL: SELECT * FROM `wemall_order` WHERE `user_id` = 1 ORDER BY id desc  [ RunTime:0.0004s ]

[ 2016-03-07T10:25:17+08:00 ] ::1 /wemall2.3.0/index.php/App/Index/getorders
INFO: [ app_init ] --START--
INFO: Run Behavior\BuildLiteBehavior [ RunTime:0.000014s ]
INFO: [ app_init ] --END-- [ RunTime:0.000079s ]
SQL: SHOW COLUMNS FROM `wemall_info` [ RunTime:0.0027s ]
SQL: SELECT * FROM `wemall_info` LIMIT 1   [ RunTime:0.0003s ]
INFO: [ app_begin ] --START--
INFO: Run Behavior\ReadHtmlCacheBehavior [ RunTime:0.000601s ]
INFO: [ app_begin ] --END-- [ RunTime:0.000655s ]
SQL: SHOW COLUMNS FROM `wemall_user` [ RunTime:0.0026s ]
SQL: SELECT * FROM `wemall_user` WHERE `uid` = '1' LIMIT 1   [ RunTime:0.0003s ]
SQL: SHOW COLUMNS FROM `wemall_order` [ RunTime:0.0029s ]
SQL: SELECT * FROM `wemall_order` WHERE `user_id` = 1 ORDER BY id desc  [ RunTime:0.0004s ]

[ 2016-03-07T10:25:17+08:00 ] ::1 /wemall2.3.0/index.php/App/Index/getorders
INFO: [ app_init ] --START--
INFO: Run Behavior\BuildLiteBehavior [ RunTime:0.000022s ]
INFO: [ app_init ] --END-- [ RunTime:0.000121s ]
SQL: SHOW COLUMNS FROM `wemall_info` [ RunTime:0.0027s ]
SQL: SELECT * FROM `wemall_info` LIMIT 1   [ RunTime:0.0003s ]
INFO: [ app_begin ] --START--
INFO: Run Behavior\ReadHtmlCacheBehavior [ RunTime:0.000690s ]
INFO: [ app_begin ] --END-- [ RunTime:0.000754s ]
SQL: SHOW COLUMNS FROM `wemall_user` [ RunTime:0.0037s ]
SQL: SELECT * FROM `wemall_user` WHERE `uid` = '1' LIMIT 1   [ RunTime:0.0004s ]
SQL: SHOW COLUMNS FROM `wemall_order` [ RunTime:0.0027s ]
SQL: SELECT * FROM `wemall_order` WHERE `user_id` = 1 ORDER BY id desc  [ RunTime:0.0004s ]

[ 2016-03-07T10:25:18+08:00 ] ::1 /wemall2.3.0/index.php/App/Index/getorders
INFO: [ app_init ] --START--
INFO: Run Behavior\BuildLiteBehavior [ RunTime:0.000015s ]
INFO: [ app_init ] --END-- [ RunTime:0.000079s ]
SQL: SHOW COLUMNS FROM `wemall_info` [ RunTime:0.0030s ]
SQL: SELECT * FROM `wemall_info` LIMIT 1   [ RunTime:0.0003s ]
INFO: [ app_begin ] --START--
INFO: Run Behavior\ReadHtmlCacheBehavior [ RunTime:0.000593s ]
INFO: [ app_begin ] --END-- [ RunTime:0.000647s ]
SQL: SHOW COLUMNS FROM `wemall_user` [ RunTime:0.0029s ]
SQL: SELECT * FROM `wemall_user` WHERE `uid` = '1' LIMIT 1   [ RunTime:0.0004s ]
SQL: SHOW COLUMNS FROM `wemall_order` [ RunTime:0.0029s ]
SQL: SELECT * FROM `wemall_order` WHERE `user_id` = 1 ORDER BY id desc  [ RunTime:0.0004s ]

[ 2016-03-07T10:25:28+08:00 ] ::1 /wemall2.3.0/index.php/App/Index/getorders
INFO: [ app_init ] --START--
INFO: Run Behavior\BuildLiteBehavior [ RunTime:0.000015s ]
INFO: [ app_init ] --END-- [ RunTime:0.000079s ]
SQL: SHOW COLUMNS FROM `wemall_info` [ RunTime:0.0028s ]
SQL: SELECT * FROM `wemall_info` LIMIT 1   [ RunTime:0.0003s ]
INFO: [ app_begin ] --START--
INFO: Run Behavior\ReadHtmlCacheBehavior [ RunTime:0.000586s ]
INFO: [ app_begin ] --END-- [ RunTime:0.000642s ]
SQL: SHOW COLUMNS FROM `wemall_user` [ RunTime:0.0026s ]
SQL: SELECT * FROM `wemall_user` WHERE `uid` = '1' LIMIT 1   [ RunTime:0.0005s ]
SQL: SHOW COLUMNS FROM `wemall_order` [ RunTime:0.0031s ]
SQL: SELECT * FROM `wemall_order` WHERE `user_id` = 1 ORDER BY id desc  [ RunTime:0.0004s ]

[ 2016-03-07T10:25:49+08:00 ] ::1 /wemall2.3.0/index.php/App/Index/getorders
INFO: [ app_init ] --START--
INFO: Run Behavior\BuildLiteBehavior [ RunTime:0.000016s ]
INFO: [ app_init ] --END-- [ RunTime:0.000086s ]
SQL: SHOW COLUMNS FROM `wemall_info` [ RunTime:0.0027s ]
SQL: SELECT * FROM `wemall_info` LIMIT 1   [ RunTime:0.0003s ]
INFO: [ app_begin ] --START--
INFO: Run Behavior\ReadHtmlCacheBehavior [ RunTime:0.000601s ]
INFO: [ app_begin ] --END-- [ RunTime:0.000658s ]
SQL: SHOW COLUMNS FROM `wemall_user` [ RunTime:0.0026s ]
SQL: SELECT * FROM `wemall_user` WHERE `uid` = '1' LIMIT 1   [ RunTime:0.0003s ]
SQL: SHOW COLUMNS FROM `wemall_order` [ RunTime:0.0024s ]
SQL: SELECT * FROM `wemall_order` WHERE `user_id` = 1 ORDER BY id desc  [ RunTime:0.0003s ]

[ 2016-03-07T10:25:50+08:00 ] ::1 /wemall2.3.0/index.php/App/Index/getorders
INFO: [ app_init ] --START--
INFO: Run Behavior\BuildLiteBehavior [ RunTime:0.000016s ]
INFO: [ app_init ] --END-- [ RunTime:0.000083s ]
SQL: SHOW COLUMNS FROM `wemall_info` [ RunTime:0.0029s ]
SQL: SELECT * FROM `wemall_info` LIMIT 1   [ RunTime:0.0003s ]
INFO: [ app_begin ] --START--
INFO: Run Behavior\ReadHtmlCacheBehavior [ RunTime:0.000606s ]
INFO: [ app_begin ] --END-- [ RunTime:0.000663s ]
SQL: SHOW COLUMNS FROM `wemall_user` [ RunTime:0.0027s ]
SQL: SELECT * FROM `wemall_user` WHERE `uid` = '1' LIMIT 1   [ RunTime:0.0003s ]
SQL: SHOW COLUMNS FROM `wemall_order` [ RunTime:0.0026s ]
SQL: SELECT * FROM `wemall_order` WHERE `user_id` = 1 ORDER BY id desc  [ RunTime:0.0004s ]

[ 2016-03-07T10:25:51+08:00 ] ::1 /wemall2.3.0/index.php/App/Index/getorders
INFO: [ app_init ] --START--
INFO: Run Behavior\BuildLiteBehavior [ RunTime:0.000015s ]
INFO: [ app_init ] --END-- [ RunTime:0.000079s ]
SQL: SHOW COLUMNS FROM `wemall_info` [ RunTime:0.0027s ]
SQL: SELECT * FROM `wemall_info` LIMIT 1   [ RunTime:0.0003s ]
INFO: [ app_begin ] --START--
INFO: Run Behavior\ReadHtmlCacheBehavior [ RunTime:0.000596s ]
INFO: [ app_begin ] --END-- [ RunTime:0.000652s ]
SQL: SHOW COLUMNS FROM `wemall_user` [ RunTime:0.0026s ]
SQL: SELECT * FROM `wemall_user` WHERE `uid` = '1' LIMIT 1   [ RunTime:0.0003s ]
SQL: SHOW COLUMNS FROM `wemall_order` [ RunTime:0.0028s ]
SQL: SELECT * FROM `wemall_order` WHERE `user_id` = 1 ORDER BY id desc  [ RunTime:0.0004s ]

[ 2016-03-07T10:26:08+08:00 ] ::1 /wemall2.3.0/index.php/App/Index/addorder
INFO: [ app_init ] --START--
INFO: Run Behavior\BuildLiteBehavior [ RunTime:0.000021s ]
INFO: [ app_init ] --END-- [ RunTime:0.000128s ]
SQL: SHOW COLUMNS FROM `wemall_info` [ RunTime:0.0030s ]
SQL: SELECT * FROM `wemall_info` LIMIT 1   [ RunTime:0.0003s ]
INFO: [ app_begin ] --START--
INFO: Run Behavior\ReadHtmlCacheBehavior [ RunTime:0.000597s ]
INFO: [ app_begin ] --END-- [ RunTime:0.000654s ]
NOTIC: [8] Use of undefined constant value - assumed 'value' D:\xampp\htdocs\wemall2.3.0\Application\App\Controller\IndexController.class.php 第 59 行.
NOTIC: [8] Use of undefined constant value - assumed 'value' D:\xampp\htdocs\wemall2.3.0\Application\App\Controller\IndexController.class.php 第 60 行.
NOTIC: [8] Use of undefined constant value - assumed 'value' D:\xampp\htdocs\wemall2.3.0\Application\App\Controller\IndexController.class.php 第 61 行.
NOTIC: [8] Use of undefined constant value - assumed 'value' D:\xampp\htdocs\wemall2.3.0\Application\App\Controller\IndexController.class.php 第 63 行.
NOTIC: [8] Use of undefined constant value - assumed 'value' D:\xampp\htdocs\wemall2.3.0\Application\App\Controller\IndexController.class.php 第 64 行.
SQL: SHOW COLUMNS FROM `wemall_user` [ RunTime:0.0026s ]
SQL: SELECT * FROM `wemall_user` WHERE `uid` = '1' LIMIT 1   [ RunTime:0.0003s ]
SQL: UPDATE `wemall_user` SET `username`='何先生',`phone`='15378708792',`address`='郑州市金水区' WHERE `id` = 1 [ RunTime:0.0003s ]
SQL: SHOW COLUMNS FROM `wemall_order` [ RunTime:0.0025s ]
SQL: INSERT INTO `wemall_order` (`orderid`,`totalprice`,`pay_style`,`pay_status`,`note`,`order_status`,`time`,`cartdata`,`user_id`) VALUES ('1603071026088','9.00','货到付款','0','','0','2016/03/07 10:26:08','[{\"name\":\"红苹果\",\"num\":\"1\",\"price\":\"5\"},{\"name\":\"青苹果\",\"num\":\"1\",\"price\":\"4\"}]','1') [ RunTime:0.0473s ]
SQL: SHOW COLUMNS FROM `wemall_alipay` [ RunTime:0.0098s ]
SQL: SELECT * FROM `wemall_alipay` LIMIT 1   [ RunTime:0.0009s ]
SQL: SELECT * FROM `wemall_info` LIMIT 1   [ RunTime:0.0007s ]
INFO: [ app_end ] --START--
INFO: Run Behavior\ShowPageTraceBehavior [ RunTime:0.001696s ]
INFO: [ app_end ] --END-- [ RunTime:0.001874s ]

[ 2016-03-07T10:26:08+08:00 ] ::1 /wemall2.3.0/index.php/App/Index/getorders
INFO: [ app_init ] --START--
INFO: Run Behavior\BuildLiteBehavior [ RunTime:0.000021s ]
INFO: [ app_init ] --END-- [ RunTime:0.000110s ]
SQL: SHOW COLUMNS FROM `wemall_info` [ RunTime:0.0032s ]
SQL: SELECT * FROM `wemall_info` LIMIT 1   [ RunTime:0.0003s ]
INFO: [ app_begin ] --START--
INFO: Run Behavior\ReadHtmlCacheBehavior [ RunTime:0.000575s ]
INFO: [ app_begin ] --END-- [ RunTime:0.000631s ]
SQL: SHOW COLUMNS FROM `wemall_user` [ RunTime:0.0039s ]
SQL: SELECT * FROM `wemall_user` WHERE `uid` = '1' LIMIT 1   [ RunTime:0.0008s ]
SQL: SHOW COLUMNS FROM `wemall_order` [ RunTime:0.0032s ]
SQL: SELECT * FROM `wemall_order` WHERE `user_id` = 1 ORDER BY id desc  [ RunTime:0.0003s ]

[ 2016-03-07T10:26:08+08:00 ] ::1 /wemall2.3.0/index.php/App/Index/getorders
INFO: [ app_init ] --START--
INFO: Run Behavior\BuildLiteBehavior [ RunTime:0.000022s ]
INFO: [ app_init ] --END-- [ RunTime:0.000108s ]
SQL: SHOW COLUMNS FROM `wemall_info` [ RunTime:0.0036s ]
SQL: SELECT * FROM `wemall_info` LIMIT 1   [ RunTime:0.0004s ]
INFO: [ app_begin ] --START--
INFO: Run Behavior\ReadHtmlCacheBehavior [ RunTime:0.000988s ]
INFO: [ app_begin ] --END-- [ RunTime:0.001088s ]
SQL: SHOW COLUMNS FROM `wemall_user` [ RunTime:0.0037s ]
SQL: SELECT * FROM `wemall_user` WHERE `uid` = '1' LIMIT 1   [ RunTime:0.0004s ]
SQL: SHOW COLUMNS FROM `wemall_order` [ RunTime:0.0035s ]
SQL: SELECT * FROM `wemall_order` WHERE `user_id` = 1 ORDER BY id desc  [ RunTime:0.0005s ]

[ 2016-03-07T10:27:36+08:00 ] ::1 /wemall2.3.0/index.php?m=App&c=Index&a=index&uid=1
INFO: [ app_init ] --START--
INFO: Run Behavior\BuildLiteBehavior [ RunTime:0.000019s ]
INFO: [ app_init ] --END-- [ RunTime:0.000097s ]
SQL: SHOW COLUMNS FROM `wemall_info` [ RunTime:0.0037s ]
SQL: SELECT * FROM `wemall_info` LIMIT 1   [ RunTime:0.0003s ]
INFO: [ app_begin ] --START--
INFO: Run Behavior\ReadHtmlCacheBehavior [ RunTime:0.000820s ]
INFO: [ app_begin ] --END-- [ RunTime:0.000908s ]
SQL: SELECT * FROM `wemall_info` LIMIT 1   [ RunTime:0.0003s ]
SQL: SHOW COLUMNS FROM `wemall_menu` [ RunTime:0.0029s ]
SQL: SELECT * FROM `wemall_menu`  [ RunTime:0.0003s ]
SQL: SHOW COLUMNS FROM `wemall_good` [ RunTime:0.0039s ]
SQL: SELECT * FROM `wemall_good`  [ RunTime:0.0004s ]
SQL: SHOW COLUMNS FROM `wemall_user` [ RunTime:0.0027s ]
SQL: SELECT * FROM `wemall_user` WHERE `uid` = '1' LIMIT 1   [ RunTime:0.0003s ]
SQL: SHOW COLUMNS FROM `wemall_alipay` [ RunTime:0.0026s ]
SQL: SELECT * FROM `wemall_alipay` LIMIT 1   [ RunTime:0.0003s ]
INFO: [ view_parse ] --START--
INFO: [ template_filter ] --START--
INFO: Run Behavior\ContentReplaceBehavior [ RunTime:0.000215s ]
INFO: [ template_filter ] --END-- [ RunTime:0.000305s ]
INFO: Run Behavior\ParseTemplateBehavior [ RunTime:0.016164s ]
INFO: [ view_parse ] --END-- [ RunTime:0.016244s ]
INFO: [ view_filter ] --START--
INFO: Run Behavior\WriteHtmlCacheBehavior [ RunTime:0.000459s ]
INFO: [ view_filter ] --END-- [ RunTime:0.000508s ]
INFO: [ app_end ] --START--
INFO: Run Behavior\ShowPageTraceBehavior [ RunTime:0.000825s ]
INFO: [ app_end ] --END-- [ RunTime:0.000896s ]

[ 2016-03-07T10:30:52+08:00 ] ::1 /wemall2.3.0/index.php?m=App&c=Index&a=index&uid=1
INFO: [ app_init ] --START--
INFO: Run Behavior\BuildLiteBehavior [ RunTime:0.000017s ]
INFO: [ app_init ] --END-- [ RunTime:0.000081s ]
SQL: SHOW COLUMNS FROM `wemall_info` [ RunTime:0.0039s ]
SQL: SELECT * FROM `wemall_info` LIMIT 1   [ RunTime:0.0004s ]
INFO: [ app_begin ] --START--
INFO: Run Behavior\ReadHtmlCacheBehavior [ RunTime:0.000748s ]
INFO: [ app_begin ] --END-- [ RunTime:0.000824s ]
SQL: SELECT * FROM `wemall_info` LIMIT 1   [ RunTime:0.0004s ]
SQL: SHOW COLUMNS FROM `wemall_menu` [ RunTime:0.0030s ]
SQL: SELECT * FROM `wemall_menu`  [ RunTime:0.0003s ]
SQL: SHOW COLUMNS FROM `wemall_good` [ RunTime:0.0031s ]
SQL: SELECT * FROM `wemall_good`  [ RunTime:0.0004s ]
SQL: SHOW COLUMNS FROM `wemall_user` [ RunTime:0.0027s ]
SQL: SELECT * FROM `wemall_user` WHERE `uid` = '1' LIMIT 1   [ RunTime:0.0003s ]
SQL: SHOW COLUMNS FROM `wemall_alipay` [ RunTime:0.0027s ]
SQL: SELECT * FROM `wemall_alipay` LIMIT 1   [ RunTime:0.0003s ]
INFO: [ view_parse ] --START--
INFO: [ template_filter ] --START--
INFO: Run Behavior\ContentReplaceBehavior [ RunTime:0.000206s ]
INFO: [ template_filter ] --END-- [ RunTime:0.000300s ]
INFO: Run Behavior\ParseTemplateBehavior [ RunTime:0.017469s ]
INFO: [ view_parse ] --END-- [ RunTime:0.017566s ]
INFO: [ view_filter ] --START--
INFO: Run Behavior\WriteHtmlCacheBehavior [ RunTime:0.000647s ]
INFO: [ view_filter ] --END-- [ RunTime:0.000720s ]
INFO: [ app_end ] --START--
INFO: Run Behavior\ShowPageTraceBehavior [ RunTime:0.001033s ]
INFO: [ app_end ] --END-- [ RunTime:0.001115s ]

[ 2016-03-07T10:31:25+08:00 ] ::1 /wemall2.3.0/index.php?m=App&c=Index&a=index&uid=1
INFO: [ app_init ] --START--
INFO: Run Behavior\BuildLiteBehavior [ RunTime:0.000015s ]
INFO: [ app_init ] --END-- [ RunTime:0.000081s ]
SQL: SHOW COLUMNS FROM `wemall_info` [ RunTime:0.0036s ]
SQL: SELECT * FROM `wemall_info` LIMIT 1   [ RunTime:0.0005s ]
INFO: [ app_begin ] --START--
INFO: Run Behavior\ReadHtmlCacheBehavior [ RunTime:0.000778s ]
INFO: [ app_begin ] --END-- [ RunTime:0.000865s ]
SQL: SELECT * FROM `wemall_info` LIMIT 1   [ RunTime:0.0004s ]
SQL: SHOW COLUMNS FROM `wemall_menu` [ RunTime:0.0037s ]
SQL: SELECT * FROM `wemall_menu`  [ RunTime:0.0005s ]
SQL: SHOW COLUMNS FROM `wemall_good` [ RunTime:0.0031s ]
SQL: SELECT * FROM `wemall_good`  [ RunTime:0.0003s ]
SQL: SHOW COLUMNS FROM `wemall_user` [ RunTime:0.0030s ]
SQL: SELECT * FROM `wemall_user` WHERE `uid` = '1' LIMIT 1   [ RunTime:0.0003s ]
SQL: SHOW COLUMNS FROM `wemall_alipay` [ RunTime:0.0029s ]
SQL: SELECT * FROM `wemall_alipay` LIMIT 1   [ RunTime:0.0002s ]
INFO: [ view_parse ] --START--
INFO: [ template_filter ] --START--
INFO: Run Behavior\ContentReplaceBehavior [ RunTime:0.000149s ]
INFO: [ template_filter ] --END-- [ RunTime:0.000213s ]
INFO: Run Behavior\ParseTemplateBehavior [ RunTime:0.013201s ]
INFO: [ view_parse ] --END-- [ RunTime:0.013270s ]
INFO: [ view_filter ] --START--
INFO: Run Behavior\WriteHtmlCacheBehavior [ RunTime:0.000258s ]
INFO: [ view_filter ] --END-- [ RunTime:0.000306s ]
INFO: [ app_end ] --START--
INFO: Run Behavior\ShowPageTraceBehavior [ RunTime:0.000638s ]
INFO: [ app_end ] --END-- [ RunTime:0.000712s ]

[ 2016-03-07T10:32:17+08:00 ] ::1 /wemall2.3.0/index.php?m=App&c=Index&a=index&uid=1
INFO: [ app_init ] --START--
INFO: Run Behavior\BuildLiteBehavior [ RunTime:0.000016s ]
INFO: [ app_init ] --END-- [ RunTime:0.000100s ]
SQL: SHOW COLUMNS FROM `wemall_info` [ RunTime:0.0033s ]
SQL: SELECT * FROM `wemall_info` LIMIT 1   [ RunTime:0.0003s ]
INFO: [ app_begin ] --START--
INFO: Run Behavior\ReadHtmlCacheBehavior [ RunTime:0.000694s ]
INFO: [ app_begin ] --END-- [ RunTime:0.000774s ]
SQL: SELECT * FROM `wemall_info` LIMIT 1   [ RunTime:0.0004s ]
SQL: SHOW COLUMNS FROM `wemall_menu` [ RunTime:0.0037s ]
SQL: SELECT * FROM `wemall_menu`  [ RunTime:0.0003s ]
SQL: SHOW COLUMNS FROM `wemall_good` [ RunTime:0.0032s ]
SQL: SELECT * FROM `wemall_good`  [ RunTime:0.0003s ]
SQL: SHOW COLUMNS FROM `wemall_user` [ RunTime:0.0028s ]
SQL: SELECT * FROM `wemall_user` WHERE `uid` = '1' LIMIT 1   [ RunTime:0.0004s ]
SQL: SHOW COLUMNS FROM `wemall_alipay` [ RunTime:0.0028s ]
SQL: SELECT * FROM `wemall_alipay` LIMIT 1   [ RunTime:0.0003s ]
INFO: [ view_parse ] --START--
INFO: [ template_filter ] --START--
INFO: Run Behavior\ContentReplaceBehavior [ RunTime:0.000145s ]
INFO: [ template_filter ] --END-- [ RunTime:0.000205s ]
INFO: Run Behavior\ParseTemplateBehavior [ RunTime:0.014448s ]
INFO: [ view_parse ] --END-- [ RunTime:0.014532s ]
INFO: [ view_filter ] --START--
INFO: Run Behavior\WriteHtmlCacheBehavior [ RunTime:0.000624s ]
INFO: [ view_filter ] --END-- [ RunTime:0.000705s ]
INFO: [ app_end ] --START--
INFO: Run Behavior\ShowPageTraceBehavior [ RunTime:0.001286s ]
INFO: [ app_end ] --END-- [ RunTime:0.001415s ]

[ 2016-03-07T11:00:17+08:00 ] ::1 /wemall2.3.0/index.php?m=App&c=Index&a=index&uid=1
INFO: [ app_init ] --START--
INFO: Run Behavior\BuildLiteBehavior [ RunTime:0.000016s ]
INFO: [ app_init ] --END-- [ RunTime:0.000082s ]
SQL: SHOW COLUMNS FROM `wemall_info` [ RunTime:0.0035s ]
SQL: SELECT * FROM `wemall_info` LIMIT 1   [ RunTime:0.0003s ]
INFO: [ app_begin ] --START--
INFO: Run Behavior\ReadHtmlCacheBehavior [ RunTime:0.000805s ]
INFO: [ app_begin ] --END-- [ RunTime:0.000868s ]
SQL: SELECT * FROM `wemall_info` LIMIT 1   [ RunTime:0.0003s ]
SQL: SHOW COLUMNS FROM `wemall_menu` [ RunTime:0.0028s ]
SQL: SELECT * FROM `wemall_menu`  [ RunTime:0.0003s ]
SQL: SHOW COLUMNS FROM `wemall_good` [ RunTime:0.0036s ]
SQL: SELECT * FROM `wemall_good`  [ RunTime:0.0004s ]
SQL: SHOW COLUMNS FROM `wemall_user` [ RunTime:0.0028s ]
SQL: SELECT * FROM `wemall_user` WHERE `uid` = '1' LIMIT 1   [ RunTime:0.0004s ]
SQL: SHOW COLUMNS FROM `wemall_alipay` [ RunTime:0.0028s ]
SQL: SELECT * FROM `wemall_alipay` LIMIT 1   [ RunTime:0.0003s ]
INFO: [ view_parse ] --START--
INFO: [ template_filter ] --START--
INFO: Run Behavior\ContentReplaceBehavior [ RunTime:0.000146s ]
INFO: [ template_filter ] --END-- [ RunTime:0.000207s ]
INFO: Run Behavior\ParseTemplateBehavior [ RunTime:0.016148s ]
INFO: [ view_parse ] --END-- [ RunTime:0.016233s ]
INFO: [ view_filter ] --START--
INFO: Run Behavior\WriteHtmlCacheBehavior [ RunTime:0.000705s ]
INFO: [ view_filter ] --END-- [ RunTime:0.000777s ]
INFO: [ app_end ] --START--
INFO: Run Behavior\ShowPageTraceBehavior [ RunTime:0.001068s ]
INFO: [ app_end ] --END-- [ RunTime:0.001146s ]

[ 2016-03-07T11:17:36+08:00 ] ::1 /wemall2.3.0/index.php?m=App&c=Index&a=index&uid=1
INFO: [ app_init ] --START--
INFO: Run Behavior\BuildLiteBehavior [ RunTime:0.000019s ]
INFO: [ app_init ] --END-- [ RunTime:0.000092s ]
SQL: SHOW COLUMNS FROM `wemall_info` [ RunTime:0.0033s ]
SQL: SELECT * FROM `wemall_info` LIMIT 1   [ RunTime:0.0004s ]
INFO: [ app_begin ] --START--
INFO: Run Behavior\ReadHtmlCacheBehavior [ RunTime:0.000841s ]
INFO: [ app_begin ] --END-- [ RunTime:0.000910s ]
SQL: SELECT * FROM `wemall_info` LIMIT 1   [ RunTime:0.0004s ]
SQL: SHOW COLUMNS FROM `wemall_menu` [ RunTime:0.0029s ]
SQL: SELECT * FROM `wemall_menu`  [ RunTime:0.0003s ]
SQL: SHOW COLUMNS FROM `wemall_good` [ RunTime:0.0035s ]
SQL: SELECT * FROM `wemall_good`  [ RunTime:0.0003s ]
SQL: SHOW COLUMNS FROM `wemall_user` [ RunTime:0.0030s ]
SQL: SELECT * FROM `wemall_user` WHERE `uid` = '1' LIMIT 1   [ RunTime:0.0004s ]
SQL: SHOW COLUMNS FROM `wemall_alipay` [ RunTime:0.0036s ]
SQL: SELECT * FROM `wemall_alipay` LIMIT 1   [ RunTime:0.0003s ]
INFO: [ view_parse ] --START--
INFO: [ template_filter ] --START--
INFO: Run Behavior\ContentReplaceBehavior [ RunTime:0.000228s ]
INFO: [ template_filter ] --END-- [ RunTime:0.000324s ]
INFO: Run Behavior\ParseTemplateBehavior [ RunTime:0.016203s ]
INFO: [ view_parse ] --END-- [ RunTime:0.016305s ]
INFO: [ view_filter ] --START--
INFO: Run Behavior\WriteHtmlCacheBehavior [ RunTime:0.000788s ]
INFO: [ view_filter ] --END-- [ RunTime:0.000892s ]
INFO: [ app_end ] --START--
INFO: Run Behavior\ShowPageTraceBehavior [ RunTime:0.001048s ]
INFO: [ app_end ] --END-- [ RunTime:0.001150s ]

[ 2016-03-07T11:23:48+08:00 ] ::1 /wemall2.3.0/index.php?m=App&c=Index&a=index&uid=1
INFO: [ app_init ] --START--
INFO: Run Behavior\BuildLiteBehavior [ RunTime:0.000016s ]
INFO: [ app_init ] --END-- [ RunTime:0.000080s ]
SQL: SHOW COLUMNS FROM `wemall_info` [ RunTime:0.0035s ]
SQL: SELECT * FROM `wemall_info` LIMIT 1   [ RunTime:0.0003s ]
INFO: [ app_begin ] --START--
INFO: Run Behavior\ReadHtmlCacheBehavior [ RunTime:0.000989s ]
INFO: [ app_begin ] --END-- [ RunTime:0.001081s ]
SQL: SELECT * FROM `wemall_info` LIMIT 1   [ RunTime:0.0005s ]
SQL: SHOW COLUMNS FROM `wemall_menu` [ RunTime:0.0036s ]
SQL: SELECT * FROM `wemall_menu`  [ RunTime:0.0003s ]
SQL: SHOW COLUMNS FROM `wemall_good` [ RunTime:0.0029s ]
SQL: SELECT * FROM `wemall_good`  [ RunTime:0.0003s ]
SQL: SHOW COLUMNS FROM `wemall_user` [ RunTime:0.0027s ]
SQL: SELECT * FROM `wemall_user` WHERE `uid` = '1' LIMIT 1   [ RunTime:0.0003s ]
SQL: SHOW COLUMNS FROM `wemall_alipay` [ RunTime:0.0026s ]
SQL: SELECT * FROM `wemall_alipay` LIMIT 1   [ RunTime:0.0003s ]
INFO: [ view_parse ] --START--
INFO: [ template_filter ] --START--
INFO: Run Behavior\ContentReplaceBehavior [ RunTime:0.000145s ]
INFO: [ template_filter ] --END-- [ RunTime:0.000205s ]
INFO: Run Behavior\ParseTemplateBehavior [ RunTime:0.014981s ]
INFO: [ view_parse ] --END-- [ RunTime:0.015061s ]
INFO: [ view_filter ] --START--
INFO: Run Behavior\WriteHtmlCacheBehavior [ RunTime:0.000482s ]
INFO: [ view_filter ] --END-- [ RunTime:0.000531s ]
INFO: [ app_end ] --START--
INFO: Run Behavior\ShowPageTraceBehavior [ RunTime:0.001133s ]
INFO: [ app_end ] --END-- [ RunTime:0.001222s ]

[ 2016-03-07T12:43:06+08:00 ] ::1 /wemall2.3.0/index.php?m=App&c=Index&a=index&uid=1
INFO: [ app_init ] --START--
INFO: Run Behavior\BuildLiteBehavior [ RunTime:0.000016s ]
INFO: [ app_init ] --END-- [ RunTime:0.000085s ]
SQL: SHOW COLUMNS FROM `wemall_info` [ RunTime:0.0036s ]
SQL: SELECT * FROM `wemall_info` LIMIT 1   [ RunTime:0.0003s ]
INFO: [ app_begin ] --START--
INFO: Run Behavior\ReadHtmlCacheBehavior [ RunTime:0.000789s ]
INFO: [ app_begin ] --END-- [ RunTime:0.000856s ]
SQL: SELECT * FROM `wemall_info` LIMIT 1   [ RunTime:0.0005s ]
SQL: SHOW COLUMNS FROM `wemall_menu` [ RunTime:0.0036s ]
SQL: SELECT * FROM `wemall_menu`  [ RunTime:0.0004s ]
SQL: SHOW COLUMNS FROM `wemall_good` [ RunTime:0.0033s ]
SQL: SELECT * FROM `wemall_good`  [ RunTime:0.0008s ]
SQL: SHOW COLUMNS FROM `wemall_user` [ RunTime:0.0038s ]
SQL: SELECT * FROM `wemall_user` WHERE `uid` = '1' LIMIT 1   [ RunTime:0.0003s ]
SQL: SHOW COLUMNS FROM `wemall_alipay` [ RunTime:0.0029s ]
SQL: SELECT * FROM `wemall_alipay` LIMIT 1   [ RunTime:0.0003s ]
INFO: [ view_parse ] --START--
INFO: [ template_filter ] --START--
INFO: Run Behavior\ContentReplaceBehavior [ RunTime:0.000149s ]
INFO: [ template_filter ] --END-- [ RunTime:0.000216s ]
INFO: Run Behavior\ParseTemplateBehavior [ RunTime:0.015028s ]
INFO: [ view_parse ] --END-- [ RunTime:0.015098s ]
INFO: [ view_filter ] --START--
INFO: Run Behavior\WriteHtmlCacheBehavior [ RunTime:0.000471s ]
INFO: [ view_filter ] --END-- [ RunTime:0.000520s ]
INFO: [ app_end ] --START--
INFO: Run Behavior\ShowPageTraceBehavior [ RunTime:0.000846s ]
INFO: [ app_end ] --END-- [ RunTime:0.000919s ]

[ 2016-03-07T14:42:09+08:00 ] ::1 /wemall2.3.0/index.php?m=App&c=Index&a=index&uid=1
INFO: [ app_init ] --START--
INFO: Run Behavior\BuildLiteBehavior [ RunTime:0.000048s ]
INFO: [ app_init ] --END-- [ RunTime:0.000257s ]
SQL: SHOW COLUMNS FROM `wemall_info` [ RunTime:0.0039s ]
SQL: SELECT * FROM `wemall_info` LIMIT 1   [ RunTime:0.0003s ]
INFO: [ app_begin ] --START--
INFO: Run Behavior\ReadHtmlCacheBehavior [ RunTime:0.000812s ]
INFO: [ app_begin ] --END-- [ RunTime:0.000877s ]
SQL: SELECT * FROM `wemall_info` LIMIT 1   [ RunTime:0.0004s ]
SQL: SHOW COLUMNS FROM `wemall_menu` [ RunTime:0.0073s ]
SQL: SELECT * FROM `wemall_menu`  [ RunTime:0.0003s ]
SQL: SHOW COLUMNS FROM `wemall_good` [ RunTime:0.0035s ]
SQL: SELECT * FROM `wemall_good`  [ RunTime:0.0004s ]
SQL: SHOW COLUMNS FROM `wemall_user` [ RunTime:0.0033s ]
SQL: SELECT * FROM `wemall_user` WHERE `uid` = '1' LIMIT 1   [ RunTime:0.0005s ]
SQL: SHOW COLUMNS FROM `wemall_alipay` [ RunTime:0.0035s ]
SQL: SELECT * FROM `wemall_alipay` LIMIT 1   [ RunTime:0.0003s ]
INFO: [ view_parse ] --START--
INFO: [ template_filter ] --START--
INFO: Run Behavior\ContentReplaceBehavior [ RunTime:0.000217s ]
INFO: [ template_filter ] --END-- [ RunTime:0.000308s ]
INFO: Run Behavior\ParseTemplateBehavior [ RunTime:0.017596s ]
INFO: [ view_parse ] --END-- [ RunTime:0.017667s ]
INFO: [ view_filter ] --START--
INFO: Run Behavior\WriteHtmlCacheBehavior [ RunTime:0.000551s ]
INFO: [ view_filter ] --END-- [ RunTime:0.000601s ]
INFO: [ app_end ] --START--
INFO: Run Behavior\ShowPageTraceBehavior [ RunTime:0.001109s ]
INFO: [ app_end ] --END-- [ RunTime:0.001188s ]

[ 2016-03-07T14:44:20+08:00 ] ::1 /wemall2.3.0/index.php?m=App&c=Index&a=index&uid=1
INFO: [ app_init ] --START--
INFO: Run Behavior\BuildLiteBehavior [ RunTime:0.000022s ]
INFO: [ app_init ] --END-- [ RunTime:0.000123s ]
SQL: SHOW COLUMNS FROM `wemall_info` [ RunTime:0.0044s ]
SQL: SELECT * FROM `wemall_info` LIMIT 1   [ RunTime:0.0004s ]
INFO: [ app_begin ] --START--
INFO: Run Behavior\ReadHtmlCacheBehavior [ RunTime:0.001148s ]
INFO: [ app_begin ] --END-- [ RunTime:0.001253s ]
SQL: SELECT * FROM `wemall_info` LIMIT 1   [ RunTime:0.0005s ]
SQL: SHOW COLUMNS FROM `wemall_menu` [ RunTime:0.0034s ]
SQL: SELECT * FROM `wemall_menu`  [ RunTime:0.0004s ]
SQL: SHOW COLUMNS FROM `wemall_good` [ RunTime:0.0034s ]
SQL: SELECT * FROM `wemall_good`  [ RunTime:0.0005s ]
SQL: SHOW COLUMNS FROM `wemall_user` [ RunTime:0.0044s ]
SQL: SELECT * FROM `wemall_user` WHERE `uid` = '1' LIMIT 1   [ RunTime:0.0004s ]
SQL: SHOW COLUMNS FROM `wemall_alipay` [ RunTime:0.0036s ]
SQL: SELECT * FROM `wemall_alipay` LIMIT 1   [ RunTime:0.0003s ]
INFO: [ view_parse ] --START--
INFO: [ template_filter ] --START--
INFO: Run Behavior\ContentReplaceBehavior [ RunTime:0.000237s ]
INFO: [ template_filter ] --END-- [ RunTime:0.000336s ]
INFO: Run Behavior\ParseTemplateBehavior [ RunTime:0.017865s ]
INFO: [ view_parse ] --END-- [ RunTime:0.017965s ]
INFO: [ view_filter ] --START--
INFO: Run Behavior\WriteHtmlCacheBehavior [ RunTime:0.000760s ]
INFO: [ view_filter ] --END-- [ RunTime:0.000827s ]
INFO: [ app_end ] --START--
INFO: Run Behavior\ShowPageTraceBehavior [ RunTime:0.001146s ]
INFO: [ app_end ] --END-- [ RunTime:0.001239s ]

[ 2016-03-07T14:44:36+08:00 ] ::1 /wemall2.3.0/index.php?m=App&c=Index&a=index&uid=1
INFO: [ app_init ] --START--
INFO: Run Behavior\BuildLiteBehavior [ RunTime:0.000022s ]
INFO: [ app_init ] --END-- [ RunTime:0.000126s ]
SQL: SHOW COLUMNS FROM `wemall_info` [ RunTime:0.0037s ]
SQL: SELECT * FROM `wemall_info` LIMIT 1   [ RunTime:0.0004s ]
INFO: [ app_begin ] --START--
INFO: Run Behavior\ReadHtmlCacheBehavior [ RunTime:0.001135s ]
INFO: [ app_begin ] --END-- [ RunTime:0.001242s ]
SQL: SELECT * FROM `wemall_info` LIMIT 1   [ RunTime:0.0004s ]
SQL: SHOW COLUMNS FROM `wemall_menu` [ RunTime:0.0035s ]
SQL: SELECT * FROM `wemall_menu`  [ RunTime:0.0003s ]
SQL: SHOW COLUMNS FROM `wemall_good` [ RunTime:0.0037s ]
SQL: SELECT * FROM `wemall_good`  [ RunTime:0.0004s ]
SQL: SHOW COLUMNS FROM `wemall_user` [ RunTime:0.0032s ]
SQL: SELECT * FROM `wemall_user` WHERE `uid` = '1' LIMIT 1   [ RunTime:0.0006s ]
SQL: SHOW COLUMNS FROM `wemall_alipay` [ RunTime:0.0039s ]
SQL: SELECT * FROM `wemall_alipay` LIMIT 1   [ RunTime:0.0003s ]
INFO: [ view_parse ] --START--
INFO: [ template_filter ] --START--
INFO: Run Behavior\ContentReplaceBehavior [ RunTime:0.000161s ]
INFO: [ template_filter ] --END-- [ RunTime:0.000233s ]
INFO: Run Behavior\ParseTemplateBehavior [ RunTime:0.015366s ]
INFO: [ view_parse ] --END-- [ RunTime:0.015555s ]
INFO: [ view_filter ] --START--
INFO: Run Behavior\WriteHtmlCacheBehavior [ RunTime:0.000761s ]
INFO: [ view_filter ] --END-- [ RunTime:0.000840s ]
INFO: [ app_end ] --START--
INFO: Run Behavior\ShowPageTraceBehavior [ RunTime:0.001138s ]
INFO: [ app_end ] --END-- [ RunTime:0.001218s ]

[ 2016-03-07T14:44:38+08:00 ] ::1 /wemall2.3.0/index.php?m=App&c=Index&a=index&uid=1
INFO: [ app_init ] --START--
INFO: Run Behavior\BuildLiteBehavior [ RunTime:0.000021s ]
INFO: [ app_init ] --END-- [ RunTime:0.000109s ]
SQL: SHOW COLUMNS FROM `wemall_info` [ RunTime:0.0038s ]
SQL: SELECT * FROM `wemall_info` LIMIT 1   [ RunTime:0.0003s ]
INFO: [ app_begin ] --START--
INFO: Run Behavior\ReadHtmlCacheBehavior [ RunTime:0.001144s ]
INFO: [ app_begin ] --END-- [ RunTime:0.001225s ]
SQL: SELECT * FROM `wemall_info` LIMIT 1   [ RunTime:0.0003s ]
SQL: SHOW COLUMNS FROM `wemall_menu` [ RunTime:0.0035s ]
SQL: SELECT * FROM `wemall_menu`  [ RunTime:0.0006s ]
SQL: SHOW COLUMNS FROM `wemall_good` [ RunTime:0.0045s ]
SQL: SELECT * FROM `wemall_good`  [ RunTime:0.0004s ]
SQL: SHOW COLUMNS FROM `wemall_user` [ RunTime:0.0036s ]
SQL: SELECT * FROM `wemall_user` WHERE `uid` = '1' LIMIT 1   [ RunTime:0.0003s ]
SQL: SHOW COLUMNS FROM `wemall_alipay` [ RunTime:0.0036s ]
SQL: SELECT * FROM `wemall_alipay` LIMIT 1   [ RunTime:0.0003s ]
INFO: [ view_parse ] --START--
INFO: [ template_filter ] --START--
INFO: Run Behavior\ContentReplaceBehavior [ RunTime:0.000240s ]
INFO: [ template_filter ] --END-- [ RunTime:0.000337s ]
INFO: Run Behavior\ParseTemplateBehavior [ RunTime:0.016523s ]
INFO: [ view_parse ] --END-- [ RunTime:0.016599s ]
INFO: [ view_filter ] --START--
INFO: Run Behavior\WriteHtmlCacheBehavior [ RunTime:0.000626s ]
INFO: [ view_filter ] --END-- [ RunTime:0.000677s ]
INFO: [ app_end ] --START--
INFO: Run Behavior\ShowPageTraceBehavior [ RunTime:0.001171s ]
INFO: [ app_end ] --END-- [ RunTime:0.001286s ]

[ 2016-03-07T14:46:30+08:00 ] ::1 /wemall2.3.0/index.php?m=App&c=Index&a=index&uid=1
INFO: [ app_init ] --START--
INFO: Run Behavior\BuildLiteBehavior [ RunTime:0.000022s ]
INFO: [ app_init ] --END-- [ RunTime:0.000122s ]
SQL: SHOW COLUMNS FROM `wemall_info` [ RunTime:0.0038s ]
SQL: SELECT * FROM `wemall_info` LIMIT 1   [ RunTime:0.0003s ]
INFO: [ app_begin ] --START--
INFO: Run Behavior\ReadHtmlCacheBehavior [ RunTime:0.000838s ]
INFO: [ app_begin ] --END-- [ RunTime:0.000906s ]
SQL: SELECT * FROM `wemall_info` LIMIT 1   [ RunTime:0.0009s ]
SQL: SHOW COLUMNS FROM `wemall_menu` [ RunTime:0.0037s ]
SQL: SELECT * FROM `wemall_menu`  [ RunTime:0.0004s ]
SQL: SHOW COLUMNS FROM `wemall_good` [ RunTime:0.0033s ]
SQL: SELECT * FROM `wemall_good`  [ RunTime:0.0004s ]
SQL: SHOW COLUMNS FROM `wemall_user` [ RunTime:0.0032s ]
SQL: SELECT * FROM `wemall_user` WHERE `uid` = '1' LIMIT 1   [ RunTime:0.0003s ]
SQL: SHOW COLUMNS FROM `wemall_alipay` [ RunTime:0.0027s ]
SQL: SELECT * FROM `wemall_alipay` LIMIT 1   [ RunTime:0.0003s ]
INFO: [ view_parse ] --START--
INFO: [ template_filter ] --START--
INFO: Run Behavior\ContentReplaceBehavior [ RunTime:0.000214s ]
INFO: [ template_filter ] --END-- [ RunTime:0.000304s ]
INFO: Run Behavior\ParseTemplateBehavior [ RunTime:0.015894s ]
INFO: [ view_parse ] --END-- [ RunTime:0.015994s ]
INFO: [ view_filter ] --START--
INFO: Run Behavior\WriteHtmlCacheBehavior [ RunTime:0.000842s ]
INFO: [ view_filter ] --END-- [ RunTime:0.000920s ]
INFO: [ app_end ] --START--
INFO: Run Behavior\ShowPageTraceBehavior [ RunTime:0.001388s ]
INFO: [ app_end ] --END-- [ RunTime:0.001487s ]

[ 2016-03-07T14:46:32+08:00 ] ::1 /wemall2.3.0/index.php?m=App&c=Index&a=index&uid=1
INFO: [ app_init ] --START--
INFO: Run Behavior\BuildLiteBehavior [ RunTime:0.000022s ]
INFO: [ app_init ] --END-- [ RunTime:0.000124s ]
SQL: SHOW COLUMNS FROM `wemall_info` [ RunTime:0.0045s ]
SQL: SELECT * FROM `wemall_info` LIMIT 1   [ RunTime:0.0004s ]
INFO: [ app_begin ] --START--
INFO: Run Behavior\ReadHtmlCacheBehavior [ RunTime:0.001040s ]
INFO: [ app_begin ] --END-- [ RunTime:0.001138s ]
SQL: SELECT * FROM `wemall_info` LIMIT 1   [ RunTime:0.0004s ]
SQL: SHOW COLUMNS FROM `wemall_menu` [ RunTime:0.0077s ]
SQL: SELECT * FROM `wemall_menu`  [ RunTime:0.0006s ]
SQL: SHOW COLUMNS FROM `wemall_good` [ RunTime:0.0042s ]
SQL: SELECT * FROM `wemall_good`  [ RunTime:0.0004s ]
SQL: SHOW COLUMNS FROM `wemall_user` [ RunTime:0.0033s ]
SQL: SELECT * FROM `wemall_user` WHERE `uid` = '1' LIMIT 1   [ RunTime:0.0004s ]
SQL: SHOW COLUMNS FROM `wemall_alipay` [ RunTime:0.0042s ]
SQL: SELECT * FROM `wemall_alipay` LIMIT 1   [ RunTime:0.0003s ]
INFO: [ view_parse ] --START--
INFO: [ template_filter ] --START--
INFO: Run Behavior\ContentReplaceBehavior [ RunTime:0.000238s ]
INFO: [ template_filter ] --END-- [ RunTime:0.000329s ]
INFO: Run Behavior\ParseTemplateBehavior [ RunTime:0.019109s ]
INFO: [ view_parse ] --END-- [ RunTime:0.019216s ]
INFO: [ view_filter ] --START--
INFO: Run Behavior\WriteHtmlCacheBehavior [ RunTime:0.000744s ]
INFO: [ view_filter ] --END-- [ RunTime:0.000828s ]
INFO: [ app_end ] --START--
INFO: Run Behavior\ShowPageTraceBehavior [ RunTime:0.001111s ]
INFO: [ app_end ] --END-- [ RunTime:0.001233s ]

[ 2016-03-07T14:48:16+08:00 ] ::1 /wemall2.3.0/index.php?m=App&c=Index&a=index&uid=1
INFO: [ app_init ] --START--
INFO: Run Behavior\BuildLiteBehavior [ RunTime:0.000024s ]
INFO: [ app_init ] --END-- [ RunTime:0.000130s ]
SQL: SHOW COLUMNS FROM `wemall_info` [ RunTime:0.0043s ]
SQL: SELECT * FROM `wemall_info` LIMIT 1   [ RunTime:0.0007s ]
INFO: [ app_begin ] --START--
INFO: Run Behavior\ReadHtmlCacheBehavior [ RunTime:0.001267s ]
INFO: [ app_begin ] --END-- [ RunTime:0.001382s ]
SQL: SELECT * FROM `wemall_info` LIMIT 1   [ RunTime:0.0003s ]
SQL: SHOW COLUMNS FROM `wemall_menu` [ RunTime:0.0030s ]
SQL: SELECT * FROM `wemall_menu`  [ RunTime:0.0004s ]
SQL: SHOW COLUMNS FROM `wemall_good` [ RunTime:0.0040s ]
SQL: SELECT * FROM `wemall_good`  [ RunTime:0.0004s ]
SQL: SHOW COLUMNS FROM `wemall_user` [ RunTime:0.0031s ]
SQL: SELECT * FROM `wemall_user` WHERE `uid` = '1' LIMIT 1   [ RunTime:0.0004s ]
SQL: SHOW COLUMNS FROM `wemall_alipay` [ RunTime:0.0030s ]
SQL: SELECT * FROM `wemall_alipay` LIMIT 1   [ RunTime:0.0003s ]
INFO: [ view_parse ] --START--
INFO: [ template_filter ] --START--
INFO: Run Behavior\ContentReplaceBehavior [ RunTime:0.000149s ]
INFO: [ template_filter ] --END-- [ RunTime:0.000213s ]
INFO: Run Behavior\ParseTemplateBehavior [ RunTime:0.018237s ]
INFO: [ view_parse ] --END-- [ RunTime:0.018339s ]
INFO: [ view_filter ] --START--
INFO: Run Behavior\WriteHtmlCacheBehavior [ RunTime:0.001205s ]
INFO: [ view_filter ] --END-- [ RunTime:0.001322s ]
INFO: [ app_end ] --START--
INFO: Run Behavior\ShowPageTraceBehavior [ RunTime:0.001400s ]
INFO: [ app_end ] --END-- [ RunTime:0.001501s ]

[ 2016-03-07T14:48:18+08:00 ] ::1 /wemall2.3.0/index.php?m=App&c=Index&a=index&uid=1
INFO: [ app_init ] --START--
INFO: Run Behavior\BuildLiteBehavior [ RunTime:0.000027s ]
INFO: [ app_init ] --END-- [ RunTime:0.000165s ]
SQL: SHOW COLUMNS FROM `wemall_info` [ RunTime:0.0042s ]
SQL: SELECT * FROM `wemall_info` LIMIT 1   [ RunTime:0.0004s ]
INFO: [ app_begin ] --START--
INFO: Run Behavior\ReadHtmlCacheBehavior [ RunTime:0.001042s ]
INFO: [ app_begin ] --END-- [ RunTime:0.001143s ]
SQL: SELECT * FROM `wemall_info` LIMIT 1   [ RunTime:0.0004s ]
SQL: SHOW COLUMNS FROM `wemall_menu` [ RunTime:0.0042s ]
SQL: SELECT * FROM `wemall_menu`  [ RunTime:0.0004s ]
SQL: SHOW COLUMNS FROM `wemall_good` [ RunTime:0.0038s ]
SQL: SELECT * FROM `wemall_good`  [ RunTime:0.0005s ]
SQL: SHOW COLUMNS FROM `wemall_user` [ RunTime:0.0036s ]
SQL: SELECT * FROM `wemall_user` WHERE `uid` = '1' LIMIT 1   [ RunTime:0.0008s ]
SQL: SHOW COLUMNS FROM `wemall_alipay` [ RunTime:0.0035s ]
SQL: SELECT * FROM `wemall_alipay` LIMIT 1   [ RunTime:0.0004s ]
INFO: [ view_parse ] --START--
INFO: [ template_filter ] --START--
INFO: Run Behavior\ContentReplaceBehavior [ RunTime:0.000222s ]
INFO: [ template_filter ] --END-- [ RunTime:0.000318s ]
INFO: Run Behavior\ParseTemplateBehavior [ RunTime:0.018496s ]
INFO: [ view_parse ] --END-- [ RunTime:0.018609s ]
INFO: [ view_filter ] --START--
INFO: Run Behavior\WriteHtmlCacheBehavior [ RunTime:0.000787s ]
INFO: [ view_filter ] --END-- [ RunTime:0.000882s ]
INFO: [ app_end ] --START--
INFO: Run Behavior\ShowPageTraceBehavior [ RunTime:0.001225s ]
INFO: [ app_end ] --END-- [ RunTime:0.001326s ]

[ 2016-03-07T14:48:20+08:00 ] ::1 /wemall2.3.0/index.php?m=App&c=Index&a=index&uid=1
INFO: [ app_init ] --START--
INFO: Run Behavior\BuildLiteBehavior [ RunTime:0.000022s ]
INFO: [ app_init ] --END-- [ RunTime:0.000126s ]
SQL: SHOW COLUMNS FROM `wemall_info` [ RunTime:0.0037s ]
SQL: SELECT * FROM `wemall_info` LIMIT 1   [ RunTime:0.0005s ]
INFO: [ app_begin ] --START--
INFO: Run Behavior\ReadHtmlCacheBehavior [ RunTime:0.001259s ]
INFO: [ app_begin ] --END-- [ RunTime:0.001378s ]
SQL: SELECT * FROM `wemall_info` LIMIT 1   [ RunTime:0.0004s ]
SQL: SHOW COLUMNS FROM `wemall_menu` [ RunTime:0.0036s ]
SQL: SELECT * FROM `wemall_menu`  [ RunTime:0.0003s ]
SQL: SHOW COLUMNS FROM `wemall_good` [ RunTime:0.0031s ]
SQL: SELECT * FROM `wemall_good`  [ RunTime:0.0005s ]
SQL: SHOW COLUMNS FROM `wemall_user` [ RunTime:0.0039s ]
SQL: SELECT * FROM `wemall_user` WHERE `uid` = '1' LIMIT 1   [ RunTime:0.0004s ]
SQL: SHOW COLUMNS FROM `wemall_alipay` [ RunTime:0.0042s ]
SQL: SELECT * FROM `wemall_alipay` LIMIT 1   [ RunTime:0.0003s ]
INFO: [ view_parse ] --START--
INFO: [ template_filter ] --START--
INFO: Run Behavior\ContentReplaceBehavior [ RunTime:0.000236s ]
INFO: [ template_filter ] --END-- [ RunTime:0.000331s ]
INFO: Run Behavior\ParseTemplateBehavior [ RunTime:0.017876s ]
INFO: [ view_parse ] --END-- [ RunTime:0.017980s ]
INFO: [ view_filter ] --START--
INFO: Run Behavior\WriteHtmlCacheBehavior [ RunTime:0.000939s ]
INFO: [ view_filter ] --END-- [ RunTime:0.001021s ]
INFO: [ app_end ] --START--
INFO: Run Behavior\ShowPageTraceBehavior [ RunTime:0.001171s ]
INFO: [ app_end ] --END-- [ RunTime:0.001291s ]

[ 2016-03-07T14:48:21+08:00 ] ::1 /wemall2.3.0/index.php?m=App&c=Index&a=index&uid=1
INFO: [ app_init ] --START--
INFO: Run Behavior\BuildLiteBehavior [ RunTime:0.000022s ]
INFO: [ app_init ] --END-- [ RunTime:0.000118s ]
SQL: SHOW COLUMNS FROM `wemall_info` [ RunTime:0.0039s ]
SQL: SELECT * FROM `wemall_info` LIMIT 1   [ RunTime:0.0003s ]
INFO: [ app_begin ] --START--
INFO: Run Behavior\ReadHtmlCacheBehavior [ RunTime:0.001177s ]
INFO: [ app_begin ] --END-- [ RunTime:0.001284s ]
SQL: SELECT * FROM `wemall_info` LIMIT 1   [ RunTime:0.0004s ]
SQL: SHOW COLUMNS FROM `wemall_menu` [ RunTime:0.0035s ]
SQL: SELECT * FROM `wemall_menu`  [ RunTime:0.0003s ]
SQL: SHOW COLUMNS FROM `wemall_good` [ RunTime:0.0035s ]
SQL: SELECT * FROM `wemall_good`  [ RunTime:0.0004s ]
SQL: SHOW COLUMNS FROM `wemall_user` [ RunTime:0.0035s ]
SQL: SELECT * FROM `wemall_user` WHERE `uid` = '1' LIMIT 1   [ RunTime:0.0004s ]
SQL: SHOW COLUMNS FROM `wemall_alipay` [ RunTime:0.0038s ]
SQL: SELECT * FROM `wemall_alipay` LIMIT 1   [ RunTime:0.0003s ]
INFO: [ view_parse ] --START--
INFO: [ template_filter ] --START--
INFO: Run Behavior\ContentReplaceBehavior [ RunTime:0.000148s ]
INFO: [ template_filter ] --END-- [ RunTime:0.000212s ]
INFO: Run Behavior\ParseTemplateBehavior [ RunTime:0.013672s ]
INFO: [ view_parse ] --END-- [ RunTime:0.013741s ]
INFO: [ view_filter ] --START--
INFO: Run Behavior\WriteHtmlCacheBehavior [ RunTime:0.000716s ]
INFO: [ view_filter ] --END-- [ RunTime:0.000785s ]
INFO: [ app_end ] --START--
INFO: Run Behavior\ShowPageTraceBehavior [ RunTime:0.001077s ]
INFO: [ app_end ] --END-- [ RunTime:0.001152s ]

[ 2016-03-07T15:07:20+08:00 ] ::1 /wemall2.3.0/index.php?m=App&c=Index&a=index&uid=1
INFO: [ app_init ] --START--
INFO: Run Behavior\BuildLiteBehavior [ RunTime:0.000021s ]
INFO: [ app_init ] --END-- [ RunTime:0.000118s ]
SQL: SHOW COLUMNS FROM `wemall_info` [ RunTime:0.0038s ]
SQL: SELECT * FROM `wemall_info` LIMIT 1   [ RunTime:0.0004s ]
INFO: [ app_begin ] --START--
INFO: Run Behavior\ReadHtmlCacheBehavior [ RunTime:0.001125s ]
INFO: [ app_begin ] --END-- [ RunTime:0.001230s ]
SQL: SELECT * FROM `wemall_info` LIMIT 1   [ RunTime:0.0004s ]
SQL: SHOW COLUMNS FROM `wemall_menu` [ RunTime:0.0034s ]
SQL: SELECT * FROM `wemall_menu`  [ RunTime:0.0004s ]
SQL: SHOW COLUMNS FROM `wemall_good` [ RunTime:0.0033s ]
SQL: SELECT * FROM `wemall_good`  [ RunTime:0.0005s ]
SQL: SHOW COLUMNS FROM `wemall_user` [ RunTime:0.0031s ]
SQL: SELECT * FROM `wemall_user` WHERE `uid` = '1' LIMIT 1   [ RunTime:0.0004s ]
SQL: SHOW COLUMNS FROM `wemall_alipay` [ RunTime:0.0030s ]
SQL: SELECT * FROM `wemall_alipay` LIMIT 1   [ RunTime:0.0003s ]
INFO: [ view_parse ] --START--
INFO: [ template_filter ] --START--
INFO: Run Behavior\ContentReplaceBehavior [ RunTime:0.000220s ]
INFO: [ template_filter ] --END-- [ RunTime:0.000311s ]
INFO: Run Behavior\ParseTemplateBehavior [ RunTime:0.018847s ]
INFO: [ view_parse ] --END-- [ RunTime:0.018932s ]
INFO: [ view_filter ] --START--
INFO: Run Behavior\WriteHtmlCacheBehavior [ RunTime:0.000794s ]
INFO: [ view_filter ] --END-- [ RunTime:0.000893s ]
INFO: [ app_end ] --START--
INFO: Run Behavior\ShowPageTraceBehavior [ RunTime:0.001266s ]
INFO: [ app_end ] --END-- [ RunTime:0.001374s ]

[ 2016-03-07T15:07:37+08:00 ] ::1 /wemall2.3.0/index.php?m=App&c=Index&a=index&uid=1
INFO: [ app_init ] --START--
INFO: Run Behavior\BuildLiteBehavior [ RunTime:0.000025s ]
INFO: [ app_init ] --END-- [ RunTime:0.000134s ]
SQL: SHOW COLUMNS FROM `wemall_info` [ RunTime:0.0043s ]
SQL: SELECT * FROM `wemall_info` LIMIT 1   [ RunTime:0.0012s ]
INFO: [ app_begin ] --START--
INFO: Run Behavior\ReadHtmlCacheBehavior [ RunTime:0.001297s ]
INFO: [ app_begin ] --END-- [ RunTime:0.001417s ]
SQL: SELECT * FROM `wemall_info` LIMIT 1   [ RunTime:0.0004s ]
SQL: SHOW COLUMNS FROM `wemall_menu` [ RunTime:0.0038s ]
SQL: SELECT * FROM `wemall_menu`  [ RunTime:0.0003s ]
SQL: SHOW COLUMNS FROM `wemall_good` [ RunTime:0.0042s ]
SQL: SELECT * FROM `wemall_good`  [ RunTime:0.0005s ]
SQL: SHOW COLUMNS FROM `wemall_user` [ RunTime:0.0039s ]
SQL: SELECT * FROM `wemall_user` WHERE `uid` = '1' LIMIT 1   [ RunTime:0.0004s ]
SQL: SHOW COLUMNS FROM `wemall_alipay` [ RunTime:0.0038s ]
SQL: SELECT * FROM `wemall_alipay` LIMIT 1   [ RunTime:0.0004s ]
INFO: [ view_parse ] --START--
INFO: [ template_filter ] --START--
INFO: Run Behavior\ContentReplaceBehavior [ RunTime:0.000224s ]
INFO: [ template_filter ] --END-- [ RunTime:0.000320s ]
INFO: Run Behavior\ParseTemplateBehavior [ RunTime:0.018893s ]
INFO: [ view_parse ] --END-- [ RunTime:0.018975s ]
INFO: [ view_filter ] --START--
INFO: Run Behavior\WriteHtmlCacheBehavior [ RunTime:0.000511s ]
INFO: [ view_filter ] --END-- [ RunTime:0.000568s ]
INFO: [ app_end ] --START--
INFO: Run Behavior\ShowPageTraceBehavior [ RunTime:0.001310s ]
INFO: [ app_end ] --END-- [ RunTime:0.001391s ]

[ 2016-03-07T15:07:39+08:00 ] ::1 /wemall2.3.0/index.php?m=App&c=Index&a=index&uid=1
INFO: [ app_init ] --START--
INFO: Run Behavior\BuildLiteBehavior [ RunTime:0.000024s ]
INFO: [ app_init ] --END-- [ RunTime:0.000124s ]
SQL: SHOW COLUMNS FROM `wemall_info` [ RunTime:0.0037s ]
SQL: SELECT * FROM `wemall_info` LIMIT 1   [ RunTime:0.0003s ]
INFO: [ app_begin ] --START--
INFO: Run Behavior\ReadHtmlCacheBehavior [ RunTime:0.001060s ]
INFO: [ app_begin ] --END-- [ RunTime:0.001166s ]
SQL: SELECT * FROM `wemall_info` LIMIT 1   [ RunTime:0.0004s ]
SQL: SHOW COLUMNS FROM `wemall_menu` [ RunTime:0.0037s ]
SQL: SELECT * FROM `wemall_menu`  [ RunTime:0.0004s ]
SQL: SHOW COLUMNS FROM `wemall_good` [ RunTime:0.0036s ]
SQL: SELECT * FROM `wemall_good`  [ RunTime:0.0005s ]
SQL: SHOW COLUMNS FROM `wemall_user` [ RunTime:0.0036s ]
SQL: SELECT * FROM `wemall_user` WHERE `uid` = '1' LIMIT 1   [ RunTime:0.0006s ]
SQL: SHOW COLUMNS FROM `wemall_alipay` [ RunTime:0.0036s ]
SQL: SELECT * FROM `wemall_alipay` LIMIT 1   [ RunTime:0.0004s ]
INFO: [ view_parse ] --START--
INFO: [ template_filter ] --START--
INFO: Run Behavior\ContentReplaceBehavior [ RunTime:0.000246s ]
INFO: [ template_filter ] --END-- [ RunTime:0.000337s ]
INFO: Run Behavior\ParseTemplateBehavior [ RunTime:0.016922s ]
INFO: [ view_parse ] --END-- [ RunTime:0.017014s ]
INFO: [ view_filter ] --START--
INFO: Run Behavior\WriteHtmlCacheBehavior [ RunTime:0.000688s ]
INFO: [ view_filter ] --END-- [ RunTime:0.000751s ]
INFO: [ app_end ] --START--
INFO: Run Behavior\ShowPageTraceBehavior [ RunTime:0.001397s ]
INFO: [ app_end ] --END-- [ RunTime:0.001496s ]

[ 2016-03-07T16:01:05+08:00 ] ::1 /wemall2.3.0/index.php?m=App&c=Index&a=index&uid=1
INFO: [ app_init ] --START--
INFO: Run Behavior\BuildLiteBehavior [ RunTime:0.000019s ]
INFO: [ app_init ] --END-- [ RunTime:0.000107s ]
SQL: SHOW COLUMNS FROM `wemall_info` [ RunTime:0.0037s ]
SQL: SELECT * FROM `wemall_info` LIMIT 1   [ RunTime:0.0283s ]
INFO: [ app_begin ] --START--
INFO: Run Behavior\ReadHtmlCacheBehavior [ RunTime:0.001261s ]
INFO: [ app_begin ] --END-- [ RunTime:0.001360s ]
SQL: SELECT * FROM `wemall_info` LIMIT 1   [ RunTime:0.0004s ]
SQL: SHOW COLUMNS FROM `wemall_menu` [ RunTime:0.0036s ]
SQL: SELECT * FROM `wemall_menu`  [ RunTime:0.0008s ]
SQL: SHOW COLUMNS FROM `wemall_good` [ RunTime:0.0033s ]
SQL: SELECT * FROM `wemall_good`  [ RunTime:0.0004s ]
SQL: SHOW COLUMNS FROM `wemall_user` [ RunTime:0.0030s ]
SQL: SELECT * FROM `wemall_user` WHERE `uid` = '1' LIMIT 1   [ RunTime:0.0004s ]
SQL: SHOW COLUMNS FROM `wemall_alipay` [ RunTime:0.0036s ]
SQL: SELECT * FROM `wemall_alipay` LIMIT 1   [ RunTime:0.0003s ]
INFO: [ view_parse ] --START--
INFO: [ template_filter ] --START--
INFO: Run Behavior\ContentReplaceBehavior [ RunTime:0.000223s ]
INFO: [ template_filter ] --END-- [ RunTime:0.000311s ]
INFO: Run Behavior\ParseTemplateBehavior [ RunTime:0.015713s ]
INFO: [ view_parse ] --END-- [ RunTime:0.015789s ]
INFO: [ view_filter ] --START--
INFO: Run Behavior\WriteHtmlCacheBehavior [ RunTime:0.000645s ]
INFO: [ view_filter ] --END-- [ RunTime:0.000717s ]
INFO: [ app_end ] --START--
INFO: Run Behavior\ShowPageTraceBehavior [ RunTime:0.001512s ]
INFO: [ app_end ] --END-- [ RunTime:0.001615s ]

[ 2016-03-07T16:16:25+08:00 ] ::1 /wemall2.3.0/index.php?m=App&c=Index&a=index&uid=1
INFO: [ app_init ] --START--
INFO: Run Behavior\BuildLiteBehavior [ RunTime:0.000021s ]
INFO: [ app_init ] --END-- [ RunTime:0.000119s ]
SQL: SHOW COLUMNS FROM `wemall_info` [ RunTime:0.0036s ]
SQL: SELECT * FROM `wemall_info` LIMIT 1   [ RunTime:0.0004s ]
INFO: [ app_begin ] --START--
INFO: Run Behavior\ReadHtmlCacheBehavior [ RunTime:0.001179s ]
INFO: [ app_begin ] --END-- [ RunTime:0.001296s ]
SQL: SELECT * FROM `wemall_info` LIMIT 1   [ RunTime:0.0004s ]
SQL: SHOW COLUMNS FROM `wemall_menu` [ RunTime:0.0038s ]
SQL: SELECT * FROM `wemall_menu`  [ RunTime:0.0004s ]
SQL: SHOW COLUMNS FROM `wemall_good` [ RunTime:0.0040s ]
SQL: SELECT * FROM `wemall_good`  [ RunTime:0.0005s ]
SQL: SHOW COLUMNS FROM `wemall_user` [ RunTime:0.0037s ]
SQL: SELECT * FROM `wemall_user` WHERE `uid` = '1' LIMIT 1   [ RunTime:0.0005s ]
SQL: SHOW COLUMNS FROM `wemall_alipay` [ RunTime:0.0037s ]
SQL: SELECT * FROM `wemall_alipay` LIMIT 1   [ RunTime:0.0003s ]
INFO: [ view_parse ] --START--
INFO: [ template_filter ] --START--
INFO: Run Behavior\ContentReplaceBehavior [ RunTime:0.000233s ]
INFO: [ template_filter ] --END-- [ RunTime:0.000323s ]
INFO: Run Behavior\ParseTemplateBehavior [ RunTime:0.017575s ]
INFO: [ view_parse ] --END-- [ RunTime:0.017677s ]
INFO: [ view_filter ] --START--
INFO: Run Behavior\WriteHtmlCacheBehavior [ RunTime:0.000744s ]
INFO: [ view_filter ] --END-- [ RunTime:0.000827s ]
INFO: [ app_end ] --START--
INFO: Run Behavior\ShowPageTraceBehavior [ RunTime:0.001634s ]
INFO: [ app_end ] --END-- [ RunTime:0.001713s ]

[ 2016-03-07T16:20:47+08:00 ] ::1 /wemall2.3.0/index.php?m=App&c=Index&a=index&uid=1
INFO: [ app_init ] --START--
INFO: Run Behavior\BuildLiteBehavior [ RunTime:0.000021s ]
INFO: [ app_init ] --END-- [ RunTime:0.000120s ]
SQL: SHOW COLUMNS FROM `wemall_info` [ RunTime:0.0065s ]
SQL: SELECT * FROM `wemall_info` LIMIT 1   [ RunTime:0.0018s ]
INFO: [ app_begin ] --START--
INFO: Run Behavior\ReadHtmlCacheBehavior [ RunTime:0.001207s ]
INFO: [ app_begin ] --END-- [ RunTime:0.001323s ]
SQL: SELECT * FROM `wemall_info` LIMIT 1   [ RunTime:0.0006s ]
SQL: SHOW COLUMNS FROM `wemall_menu` [ RunTime:0.0053s ]
SQL: SELECT * FROM `wemall_menu`  [ RunTime:0.0004s ]
SQL: SHOW COLUMNS FROM `wemall_good` [ RunTime:0.0041s ]
SQL: SELECT * FROM `wemall_good`  [ RunTime:0.0005s ]
SQL: SHOW COLUMNS FROM `wemall_user` [ RunTime:0.0039s ]
SQL: SELECT * FROM `wemall_user` WHERE `uid` = '1' LIMIT 1   [ RunTime:0.0004s ]
SQL: SHOW COLUMNS FROM `wemall_alipay` [ RunTime:0.0037s ]
SQL: SELECT * FROM `wemall_alipay` LIMIT 1   [ RunTime:0.0003s ]
INFO: [ view_parse ] --START--
INFO: [ template_filter ] --START--
INFO: Run Behavior\ContentReplaceBehavior [ RunTime:0.000230s ]
INFO: [ template_filter ] --END-- [ RunTime:0.000329s ]
INFO: Run Behavior\ParseTemplateBehavior [ RunTime:0.020038s ]
INFO: [ view_parse ] --END-- [ RunTime:0.020145s ]
INFO: [ view_filter ] --START--
INFO: Run Behavior\WriteHtmlCacheBehavior [ RunTime:0.000774s ]
INFO: [ view_filter ] --END-- [ RunTime:0.000861s ]
INFO: [ app_end ] --START--
INFO: Run Behavior\ShowPageTraceBehavior [ RunTime:0.001148s ]
INFO: [ app_end ] --END-- [ RunTime:0.001247s ]

[ 2016-03-07T16:22:58+08:00 ] ::1 /wemall2.3.0/index.php/App/Index/addorder
INFO: [ app_init ] --START--
INFO: Run Behavior\BuildLiteBehavior [ RunTime:0.000015s ]
INFO: [ app_init ] --END-- [ RunTime:0.000083s ]
SQL: SHOW COLUMNS FROM `wemall_info` [ RunTime:0.0028s ]
SQL: SELECT * FROM `wemall_info` LIMIT 1   [ RunTime:0.0002s ]
INFO: [ app_begin ] --START--
INFO: Run Behavior\ReadHtmlCacheBehavior [ RunTime:0.000834s ]
INFO: [ app_begin ] --END-- [ RunTime:0.000889s ]
NOTIC: [8] Use of undefined constant value - assumed 'value' D:\xampp\htdocs\wemall2.3.0\Application\App\Controller\IndexController.class.php 第 59 行.
NOTIC: [8] Use of undefined constant value - assumed 'value' D:\xampp\htdocs\wemall2.3.0\Application\App\Controller\IndexController.class.php 第 60 行.
NOTIC: [8] Use of undefined constant value - assumed 'value' D:\xampp\htdocs\wemall2.3.0\Application\App\Controller\IndexController.class.php 第 61 行.
NOTIC: [8] Use of undefined constant value - assumed 'value' D:\xampp\htdocs\wemall2.3.0\Application\App\Controller\IndexController.class.php 第 63 行.
NOTIC: [8] Use of undefined constant value - assumed 'value' D:\xampp\htdocs\wemall2.3.0\Application\App\Controller\IndexController.class.php 第 64 行.
SQL: SHOW COLUMNS FROM `wemall_user` [ RunTime:0.0024s ]
SQL: SELECT * FROM `wemall_user` WHERE `uid` = '1' LIMIT 1   [ RunTime:0.0003s ]
SQL: UPDATE `wemall_user` SET `username`='何先生',`phone`='15378708792',`address`='郑州市金水区' WHERE `id` = 1 [ RunTime:0.0002s ]
SQL: SHOW COLUMNS FROM `wemall_order` [ RunTime:0.0033s ]
SQL: INSERT INTO `wemall_order` (`orderid`,`totalprice`,`pay_style`,`pay_status`,`note`,`order_status`,`time`,`cartdata`,`user_id`) VALUES ('1603070422582','5.00','货到付款','0','','0','2016/03/07 16:22:58','[{\"name\":\"红苹果\",\"num\":\"1\",\"price\":\"5\"}]','1') [ RunTime:0.0844s ]
SQL: SHOW COLUMNS FROM `wemall_alipay` [ RunTime:0.0037s ]
SQL: SELECT * FROM `wemall_alipay` LIMIT 1   [ RunTime:0.0004s ]
SQL: SELECT * FROM `wemall_info` LIMIT 1   [ RunTime:0.0003s ]
INFO: [ app_end ] --START--
INFO: Run Behavior\ShowPageTraceBehavior [ RunTime:0.002242s ]
INFO: [ app_end ] --END-- [ RunTime:0.002363s ]

[ 2016-03-07T16:22:58+08:00 ] ::1 /wemall2.3.0/index.php/App/Index/getorders
INFO: [ app_init ] --START--
INFO: Run Behavior\BuildLiteBehavior [ RunTime:0.000016s ]
INFO: [ app_init ] --END-- [ RunTime:0.000081s ]
SQL: SHOW COLUMNS FROM `wemall_info` [ RunTime:0.0122s ]
SQL: SELECT * FROM `wemall_info` LIMIT 1   [ RunTime:0.0003s ]
INFO: [ app_begin ] --START--
INFO: Run Behavior\ReadHtmlCacheBehavior [ RunTime:0.001159s ]
INFO: [ app_begin ] --END-- [ RunTime:0.001232s ]
SQL: SHOW COLUMNS FROM `wemall_user` [ RunTime:0.0027s ]
SQL: SELECT * FROM `wemall_user` WHERE `uid` = '1' LIMIT 1   [ RunTime:0.0003s ]
SQL: SHOW COLUMNS FROM `wemall_order` [ RunTime:0.0024s ]
SQL: SELECT * FROM `wemall_order` WHERE `user_id` = 1 ORDER BY id desc  [ RunTime:0.0003s ]

[ 2016-03-07T16:22:58+08:00 ] ::1 /wemall2.3.0/index.php/App/Index/getorders
INFO: [ app_init ] --START--
INFO: Run Behavior\BuildLiteBehavior [ RunTime:0.000014s ]
INFO: [ app_init ] --END-- [ RunTime:0.000074s ]
SQL: SHOW COLUMNS FROM `wemall_info` [ RunTime:0.0124s ]
SQL: SELECT * FROM `wemall_info` LIMIT 1   [ RunTime:0.0003s ]
INFO: [ app_begin ] --START--
INFO: Run Behavior\ReadHtmlCacheBehavior [ RunTime:0.000996s ]
INFO: [ app_begin ] --END-- [ RunTime:0.001076s ]
SQL: SHOW COLUMNS FROM `wemall_user` [ RunTime:0.0037s ]
SQL: SELECT * FROM `wemall_user` WHERE `uid` = '1' LIMIT 1   [ RunTime:0.0004s ]
SQL: SHOW COLUMNS FROM `wemall_order` [ RunTime:0.0038s ]
SQL: SELECT * FROM `wemall_order` WHERE `user_id` = 1 ORDER BY id desc  [ RunTime:0.0004s ]

[ 2016-03-07T17:18:01+08:00 ] ::1 /wemall2.3.0/index.php?m=App&c=Index&a=index&uid=1
INFO: [ app_init ] --START--
INFO: Run Behavior\BuildLiteBehavior [ RunTime:0.000017s ]
INFO: [ app_init ] --END-- [ RunTime:0.000104s ]
SQL: SHOW COLUMNS FROM `wemall_info` [ RunTime:0.0071s ]
SQL: SELECT * FROM `wemall_info` LIMIT 1   [ RunTime:0.0004s ]
INFO: [ app_begin ] --START--
INFO: Run Behavior\ReadHtmlCacheBehavior [ RunTime:0.000720s ]
INFO: [ app_begin ] --END-- [ RunTime:0.000787s ]
SQL: SELECT * FROM `wemall_info` LIMIT 1   [ RunTime:0.0003s ]
SQL: SHOW COLUMNS FROM `wemall_menu` [ RunTime:0.0028s ]
SQL: SELECT * FROM `wemall_menu`  [ RunTime:0.0004s ]
SQL: SHOW COLUMNS FROM `wemall_good` [ RunTime:0.0037s ]
SQL: SELECT * FROM `wemall_good`  [ RunTime:0.0005s ]
SQL: SHOW COLUMNS FROM `wemall_user` [ RunTime:0.0034s ]
SQL: SELECT * FROM `wemall_user` WHERE `uid` = '1' LIMIT 1   [ RunTime:0.0003s ]
SQL: SHOW COLUMNS FROM `wemall_alipay` [ RunTime:0.0034s ]
SQL: SELECT * FROM `wemall_alipay` LIMIT 1   [ RunTime:0.0003s ]
INFO: [ view_parse ] --START--
INFO: [ template_filter ] --START--
INFO: Run Behavior\ContentReplaceBehavior [ RunTime:0.000145s ]
INFO: [ template_filter ] --END-- [ RunTime:0.000207s ]
INFO: Run Behavior\ParseTemplateBehavior [ RunTime:0.015453s ]
INFO: [ view_parse ] --END-- [ RunTime:0.015534s ]
INFO: [ view_filter ] --START--
INFO: Run Behavior\WriteHtmlCacheBehavior [ RunTime:0.000501s ]
INFO: [ view_filter ] --END-- [ RunTime:0.000550s ]
INFO: [ app_end ] --START--
INFO: Run Behavior\ShowPageTraceBehavior [ RunTime:0.000898s ]
INFO: [ app_end ] --END-- [ RunTime:0.000969s ]

[ 2016-03-07T17:19:57+08:00 ] ::1 /wemall2.3.0/index.php/App/Index/getorders
INFO: [ app_init ] --START--
INFO: Run Behavior\BuildLiteBehavior [ RunTime:0.000015s ]
INFO: [ app_init ] --END-- [ RunTime:0.000080s ]
SQL: SHOW COLUMNS FROM `wemall_info` [ RunTime:0.0031s ]
SQL: SELECT * FROM `wemall_info` LIMIT 1   [ RunTime:0.0003s ]
INFO: [ app_begin ] --START--
INFO: Run Behavior\ReadHtmlCacheBehavior [ RunTime:0.000825s ]
INFO: [ app_begin ] --END-- [ RunTime:0.000894s ]
SQL: SHOW COLUMNS FROM `wemall_user` [ RunTime:0.0026s ]
SQL: SELECT * FROM `wemall_user` WHERE `uid` = '1' LIMIT 1   [ RunTime:0.0003s ]
SQL: SHOW COLUMNS FROM `wemall_order` [ RunTime:0.0026s ]
SQL: SELECT * FROM `wemall_order` WHERE `user_id` = 1 ORDER BY id desc  [ RunTime:0.0004s ]

[ 2016-03-07T17:21:29+08:00 ] ::1 /wemall2.3.0/index.php?m=App&c=Index&a=index&uid=1
INFO: [ app_init ] --START--
INFO: Run Behavior\BuildLiteBehavior [ RunTime:0.000022s ]
INFO: [ app_init ] --END-- [ RunTime:0.000124s ]
SQL: SHOW COLUMNS FROM `wemall_info` [ RunTime:0.0038s ]
SQL: SELECT * FROM `wemall_info` LIMIT 1   [ RunTime:0.0004s ]
INFO: [ app_begin ] --START--
INFO: Run Behavior\ReadHtmlCacheBehavior [ RunTime:0.001131s ]
INFO: [ app_begin ] --END-- [ RunTime:0.001235s ]
SQL: SELECT * FROM `wemall_info` LIMIT 1   [ RunTime:0.0004s ]
SQL: SHOW COLUMNS FROM `wemall_menu` [ RunTime:0.0036s ]
SQL: SELECT * FROM `wemall_menu`  [ RunTime:0.0003s ]
SQL: SHOW COLUMNS FROM `wemall_good` [ RunTime:0.0038s ]
SQL: SELECT * FROM `wemall_good`  [ RunTime:0.0007s ]
SQL: SHOW COLUMNS FROM `wemall_user` [ RunTime:0.0091s ]
SQL: SELECT * FROM `wemall_user` WHERE `uid` = '1' LIMIT 1   [ RunTime:0.0003s ]
SQL: SHOW COLUMNS FROM `wemall_alipay` [ RunTime:0.0037s ]
SQL: SELECT * FROM `wemall_alipay` LIMIT 1   [ RunTime:0.0003s ]
INFO: [ view_parse ] --START--
INFO: [ template_filter ] --START--
INFO: Run Behavior\ContentReplaceBehavior [ RunTime:0.000147s ]
INFO: [ template_filter ] --END-- [ RunTime:0.000213s ]
INFO: Run Behavior\ParseTemplateBehavior [ RunTime:0.017297s ]
INFO: [ view_parse ] --END-- [ RunTime:0.017377s ]
INFO: [ view_filter ] --START--
INFO: Run Behavior\WriteHtmlCacheBehavior [ RunTime:0.000531s ]
INFO: [ view_filter ] --END-- [ RunTime:0.000588s ]
INFO: [ app_end ] --START--
INFO: Run Behavior\ShowPageTraceBehavior [ RunTime:0.001427s ]
INFO: [ app_end ] --END-- [ RunTime:0.001527s ]

[ 2016-03-07T17:25:09+08:00 ] ::1 /wemall2.3.0/index.php?m=App&c=Index&a=index&uid=1
INFO: [ app_init ] --START--
INFO: Run Behavior\BuildLiteBehavior [ RunTime:0.000016s ]
INFO: [ app_init ] --END-- [ RunTime:0.000091s ]
SQL: SHOW COLUMNS FROM `wemall_info` [ RunTime:0.0039s ]
SQL: SELECT * FROM `wemall_info` LIMIT 1   [ RunTime:0.0004s ]
INFO: [ app_begin ] --START--
INFO: Run Behavior\ReadHtmlCacheBehavior [ RunTime:0.001128s ]
INFO: [ app_begin ] --END-- [ RunTime:0.001223s ]
SQL: SELECT * FROM `wemall_info` LIMIT 1   [ RunTime:0.0004s ]
SQL: SHOW COLUMNS FROM `wemall_menu` [ RunTime:0.0037s ]
SQL: SELECT * FROM `wemall_menu`  [ RunTime:0.0003s ]
SQL: SHOW COLUMNS FROM `wemall_good` [ RunTime:0.0037s ]
SQL: SELECT * FROM `wemall_good`  [ RunTime:0.0005s ]
SQL: SHOW COLUMNS FROM `wemall_user` [ RunTime:0.0039s ]
SQL: SELECT * FROM `wemall_user` WHERE `uid` = '1' LIMIT 1   [ RunTime:0.0003s ]
SQL: SHOW COLUMNS FROM `wemall_alipay` [ RunTime:0.0029s ]
SQL: SELECT * FROM `wemall_alipay` LIMIT 1   [ RunTime:0.0156s ]
INFO: [ view_parse ] --START--
INFO: [ template_filter ] --START--
INFO: Run Behavior\ContentReplaceBehavior [ RunTime:0.000219s ]
INFO: [ template_filter ] --END-- [ RunTime:0.000317s ]
INFO: Run Behavior\ParseTemplateBehavior [ RunTime:0.016618s ]
INFO: [ view_parse ] --END-- [ RunTime:0.016703s ]
INFO: [ view_filter ] --START--
INFO: Run Behavior\WriteHtmlCacheBehavior [ RunTime:0.000538s ]
INFO: [ view_filter ] --END-- [ RunTime:0.000588s ]
INFO: [ app_end ] --START--
INFO: Run Behavior\ShowPageTraceBehavior [ RunTime:0.000949s ]
INFO: [ app_end ] --END-- [ RunTime:0.001023s ]

[ 2016-03-07T17:32:10+08:00 ] ::1 /wemall2.3.0/index.php?m=App&c=Index&a=index&uid=1
INFO: [ app_init ] --START--
INFO: Run Behavior\BuildLiteBehavior [ RunTime:0.000022s ]
INFO: [ app_init ] --END-- [ RunTime:0.000126s ]
SQL: SHOW COLUMNS FROM `wemall_info` [ RunTime:0.0042s ]
SQL: SELECT * FROM `wemall_info` LIMIT 1   [ RunTime:0.0004s ]
INFO: [ app_begin ] --START--
INFO: Run Behavior\ReadHtmlCacheBehavior [ RunTime:0.000754s ]
INFO: [ app_begin ] --END-- [ RunTime:0.000828s ]
SQL: SELECT * FROM `wemall_info` LIMIT 1   [ RunTime:0.0004s ]
SQL: SHOW COLUMNS FROM `wemall_menu` [ RunTime:0.0036s ]
SQL: SELECT * FROM `wemall_menu`  [ RunTime:0.0003s ]
SQL: SHOW COLUMNS FROM `wemall_good` [ RunTime:0.0044s ]
SQL: SELECT * FROM `wemall_good`  [ RunTime:0.0005s ]
SQL: SHOW COLUMNS FROM `wemall_user` [ RunTime:0.0041s ]
SQL: SELECT * FROM `wemall_user` WHERE `uid` = '1' LIMIT 1   [ RunTime:0.0004s ]
SQL: SHOW COLUMNS FROM `wemall_alipay` [ RunTime:0.0030s ]
SQL: SELECT * FROM `wemall_alipay` LIMIT 1   [ RunTime:0.0003s ]
INFO: [ view_parse ] --START--
INFO: [ template_filter ] --START--
INFO: Run Behavior\ContentReplaceBehavior [ RunTime:0.000143s ]
INFO: [ template_filter ] --END-- [ RunTime:0.000208s ]
INFO: Run Behavior\ParseTemplateBehavior [ RunTime:0.015351s ]
INFO: [ view_parse ] --END-- [ RunTime:0.015424s ]
INFO: [ view_filter ] --START--
INFO: Run Behavior\WriteHtmlCacheBehavior [ RunTime:0.000484s ]
INFO: [ view_filter ] --END-- [ RunTime:0.000533s ]
INFO: [ app_end ] --START--
INFO: Run Behavior\ShowPageTraceBehavior [ RunTime:0.000696s ]
INFO: [ app_end ] --END-- [ RunTime:0.000749s ]

[ 2016-03-07T17:32:15+08:00 ] ::1 /wemall2.3.0/index.php/App/Index/getorders
INFO: [ app_init ] --START--
INFO: Run Behavior\BuildLiteBehavior [ RunTime:0.000015s ]
INFO: [ app_init ] --END-- [ RunTime:0.000082s ]
SQL: SHOW COLUMNS FROM `wemall_info` [ RunTime:0.0025s ]
SQL: SELECT * FROM `wemall_info` LIMIT 1   [ RunTime:0.0003s ]
INFO: [ app_begin ] --START--
INFO: Run Behavior\ReadHtmlCacheBehavior [ RunTime:0.000791s ]
INFO: [ app_begin ] --END-- [ RunTime:0.000847s ]
SQL: SHOW COLUMNS FROM `wemall_user` [ RunTime:0.0026s ]
SQL: SELECT * FROM `wemall_user` WHERE `uid` = '1' LIMIT 1   [ RunTime:0.0003s ]
SQL: SHOW COLUMNS FROM `wemall_order` [ RunTime:0.0027s ]
SQL: SELECT * FROM `wemall_order` WHERE `user_id` = 1 ORDER BY id desc  [ RunTime:0.0003s ]

[ 2016-03-07T17:32:39+08:00 ] ::1 /wemall2.3.0/index.php/App/Index/addorder
INFO: [ app_init ] --START--
INFO: Run Behavior\BuildLiteBehavior [ RunTime:0.000016s ]
INFO: [ app_init ] --END-- [ RunTime:0.000086s ]
SQL: SHOW COLUMNS FROM `wemall_info` [ RunTime:0.0032s ]
SQL: SELECT * FROM `wemall_info` LIMIT 1   [ RunTime:0.0003s ]
INFO: [ app_begin ] --START--
INFO: Run Behavior\ReadHtmlCacheBehavior [ RunTime:0.000821s ]
INFO: [ app_begin ] --END-- [ RunTime:0.000878s ]
NOTIC: [8] Use of undefined constant value - assumed 'value' D:\xampp\htdocs\wemall2.3.0\Application\App\Controller\IndexController.class.php 第 59 行.
NOTIC: [8] Use of undefined constant value - assumed 'value' D:\xampp\htdocs\wemall2.3.0\Application\App\Controller\IndexController.class.php 第 60 行.
NOTIC: [8] Use of undefined constant value - assumed 'value' D:\xampp\htdocs\wemall2.3.0\Application\App\Controller\IndexController.class.php 第 61 行.
NOTIC: [8] Use of undefined constant value - assumed 'value' D:\xampp\htdocs\wemall2.3.0\Application\App\Controller\IndexController.class.php 第 63 行.
NOTIC: [8] Use of undefined constant value - assumed 'value' D:\xampp\htdocs\wemall2.3.0\Application\App\Controller\IndexController.class.php 第 64 行.
SQL: SHOW COLUMNS FROM `wemall_user` [ RunTime:0.0026s ]
SQL: SELECT * FROM `wemall_user` WHERE `uid` = '1' LIMIT 1   [ RunTime:0.0004s ]
SQL: UPDATE `wemall_user` SET `username`='何先生',`phone`='15378708792',`address`='郑州市金水区' WHERE `id` = 1 [ RunTime:0.0003s ]
SQL: SHOW COLUMNS FROM `wemall_order` [ RunTime:0.0035s ]
SQL: INSERT INTO `wemall_order` (`orderid`,`totalprice`,`pay_style`,`pay_status`,`note`,`order_status`,`time`,`cartdata`,`user_id`) VALUES ('1603070532392','5.00','货到付款','0','哈哈','0','2016/03/07 17:32:39','[{\"name\":\"苹果\",\"num\":\"1\",\"price\":\"5\"}]','1') [ RunTime:0.0533s ]
SQL: SHOW COLUMNS FROM `wemall_alipay` [ RunTime:0.0028s ]
SQL: SELECT * FROM `wemall_alipay` LIMIT 1   [ RunTime:0.0003s ]
SQL: SELECT * FROM `wemall_info` LIMIT 1   [ RunTime:0.0003s ]
INFO: [ app_end ] --START--
INFO: Run Behavior\ShowPageTraceBehavior [ RunTime:0.000847s ]
INFO: [ app_end ] --END-- [ RunTime:0.000899s ]

[ 2016-03-07T17:32:39+08:00 ] ::1 /wemall2.3.0/index.php/App/Index/getorders
INFO: [ app_init ] --START--
INFO: Run Behavior\BuildLiteBehavior [ RunTime:0.000024s ]
INFO: [ app_init ] --END-- [ RunTime:0.000126s ]
SQL: SHOW COLUMNS FROM `wemall_info` [ RunTime:0.0035s ]
SQL: SELECT * FROM `wemall_info` LIMIT 1   [ RunTime:0.0003s ]
INFO: [ app_begin ] --START--
INFO: Run Behavior\ReadHtmlCacheBehavior [ RunTime:0.001038s ]
INFO: [ app_begin ] --END-- [ RunTime:0.001119s ]
SQL: SHOW COLUMNS FROM `wemall_user` [ RunTime:0.0093s ]
SQL: SELECT * FROM `wemall_user` WHERE `uid` = '1' LIMIT 1   [ RunTime:0.0003s ]
SQL: SHOW COLUMNS FROM `wemall_order` [ RunTime:0.0034s ]
SQL: SELECT * FROM `wemall_order` WHERE `user_id` = 1 ORDER BY id desc  [ RunTime:0.0003s ]

[ 2016-03-07T17:32:39+08:00 ] ::1 /wemall2.3.0/index.php/App/Index/getorders
INFO: [ app_init ] --START--
INFO: Run Behavior\BuildLiteBehavior [ RunTime:0.000023s ]
INFO: [ app_init ] --END-- [ RunTime:0.000134s ]
SQL: SHOW COLUMNS FROM `wemall_info` [ RunTime:0.0093s ]
SQL: SELECT * FROM `wemall_info` LIMIT 1   [ RunTime:0.0002s ]
INFO: [ app_begin ] --START--
INFO: Run Behavior\ReadHtmlCacheBehavior [ RunTime:0.001255s ]
INFO: [ app_begin ] --END-- [ RunTime:0.001356s ]
SQL: SHOW COLUMNS FROM `wemall_user` [ RunTime:0.0034s ]
SQL: SELECT * FROM `wemall_user` WHERE `uid` = '1' LIMIT 1   [ RunTime:0.0004s ]
SQL: SHOW COLUMNS FROM `wemall_order` [ RunTime:0.0031s ]
SQL: SELECT * FROM `wemall_order` WHERE `user_id` = 1 ORDER BY id desc  [ RunTime:0.0004s ]

[ 2016-03-07T17:32:57+08:00 ] ::1 /wemall2.3.0/index.php/App/Index/getorders
INFO: [ app_init ] --START--
INFO: Run Behavior\BuildLiteBehavior [ RunTime:0.000016s ]
INFO: [ app_init ] --END-- [ RunTime:0.000081s ]
SQL: SHOW COLUMNS FROM `wemall_info` [ RunTime:0.0028s ]
SQL: SELECT * FROM `wemall_info` LIMIT 1   [ RunTime:0.0004s ]
INFO: [ app_begin ] --START--
INFO: Run Behavior\ReadHtmlCacheBehavior [ RunTime:0.000999s ]
INFO: [ app_begin ] --END-- [ RunTime:0.001072s ]
SQL: SHOW COLUMNS FROM `wemall_user` [ RunTime:0.0031s ]
SQL: SELECT * FROM `wemall_user` WHERE `uid` = '1' LIMIT 1   [ RunTime:0.0004s ]
SQL: SHOW COLUMNS FROM `wemall_order` [ RunTime:0.0026s ]
SQL: SELECT * FROM `wemall_order` WHERE `user_id` = 1 ORDER BY id desc  [ RunTime:0.0003s ]

[ 2016-03-07T17:33:17+08:00 ] ::1 /wemall2.3.0/index.php?m=App&c=Index&a=index&uid=1
INFO: [ app_init ] --START--
INFO: Run Behavior\BuildLiteBehavior [ RunTime:0.000024s ]
INFO: [ app_init ] --END-- [ RunTime:0.000123s ]
SQL: SHOW COLUMNS FROM `wemall_info` [ RunTime:0.0041s ]
SQL: SELECT * FROM `wemall_info` LIMIT 1   [ RunTime:0.0003s ]
INFO: [ app_begin ] --START--
INFO: Run Behavior\ReadHtmlCacheBehavior [ RunTime:0.001087s ]
INFO: [ app_begin ] --END-- [ RunTime:0.001188s ]
SQL: SELECT * FROM `wemall_info` LIMIT 1   [ RunTime:0.0004s ]
SQL: SHOW COLUMNS FROM `wemall_menu` [ RunTime:0.0035s ]
SQL: SELECT * FROM `wemall_menu`  [ RunTime:0.0003s ]
SQL: SHOW COLUMNS FROM `wemall_good` [ RunTime:0.0032s ]
SQL: SELECT * FROM `wemall_good`  [ RunTime:0.0003s ]
SQL: SHOW COLUMNS FROM `wemall_user` [ RunTime:0.0035s ]
SQL: SELECT * FROM `wemall_user` WHERE `uid` = '1' LIMIT 1   [ RunTime:0.0005s ]
SQL: SHOW COLUMNS FROM `wemall_alipay` [ RunTime:0.0037s ]
SQL: SELECT * FROM `wemall_alipay` LIMIT 1   [ RunTime:0.0003s ]
INFO: [ view_parse ] --START--
INFO: [ template_filter ] --START--
INFO: Run Behavior\ContentReplaceBehavior [ RunTime:0.000144s ]
INFO: [ template_filter ] --END-- [ RunTime:0.000208s ]
INFO: Run Behavior\ParseTemplateBehavior [ RunTime:0.017528s ]
INFO: [ view_parse ] --END-- [ RunTime:0.017632s ]
INFO: [ view_filter ] --START--
INFO: Run Behavior\WriteHtmlCacheBehavior [ RunTime:0.000703s ]
INFO: [ view_filter ] --END-- [ RunTime:0.000781s ]
INFO: [ app_end ] --START--
INFO: Run Behavior\ShowPageTraceBehavior [ RunTime:0.001121s ]
INFO: [ app_end ] --END-- [ RunTime:0.001217s ]

[ 2016-03-07T17:36:33+08:00 ] ::1 /wemall2.3.1/index.php?m=App&c=Index&a=index&uid=1
INFO: [ app_init ] --START--
INFO: Run Behavior\BuildLiteBehavior [ RunTime:0.000023s ]
INFO: [ app_init ] --END-- [ RunTime:0.000127s ]
SQL: SHOW COLUMNS FROM `wemall_info` [ RunTime:0.0043s ]
SQL: SELECT * FROM `wemall_info` LIMIT 1   [ RunTime:0.0005s ]
INFO: [ app_begin ] --START--
INFO: Run Behavior\ReadHtmlCacheBehavior [ RunTime:0.001590s ]
INFO: [ app_begin ] --END-- [ RunTime:0.001725s ]
SQL: SELECT * FROM `wemall_info` LIMIT 1   [ RunTime:0.0005s ]
SQL: SHOW COLUMNS FROM `wemall_menu` [ RunTime:0.0041s ]
SQL: SELECT * FROM `wemall_menu`  [ RunTime:0.0003s ]
SQL: SHOW COLUMNS FROM `wemall_good` [ RunTime:0.0056s ]
SQL: SELECT * FROM `wemall_good`  [ RunTime:0.0003s ]
SQL: SHOW COLUMNS FROM `wemall_user` [ RunTime:0.0031s ]
SQL: SELECT * FROM `wemall_user` WHERE `uid` = '1' LIMIT 1   [ RunTime:0.0007s ]
SQL: SHOW COLUMNS FROM `wemall_alipay` [ RunTime:0.0040s ]
SQL: SELECT * FROM `wemall_alipay` LIMIT 1   [ RunTime:0.0004s ]
INFO: [ view_parse ] --START--
INFO: [ template_filter ] --START--
INFO: Run Behavior\ContentReplaceBehavior [ RunTime:0.000222s ]
INFO: [ template_filter ] --END-- [ RunTime:0.000309s ]
INFO: Run Behavior\ParseTemplateBehavior [ RunTime:0.016382s ]
INFO: [ view_parse ] --END-- [ RunTime:0.016472s ]
INFO: [ view_filter ] --START--
INFO: Run Behavior\WriteHtmlCacheBehavior [ RunTime:0.000513s ]
INFO: [ view_filter ] --END-- [ RunTime:0.000564s ]
INFO: [ app_end ] --START--
INFO: Run Behavior\ShowPageTraceBehavior [ RunTime:0.000749s ]
INFO: [ app_end ] --END-- [ RunTime:0.000800s ]

[ 2016-03-07T17:37:30+08:00 ] ::1 /wemall2.3.1/index.php?m=App&c=Index&a=index&uid=1
INFO: [ app_init ] --START--
INFO: Run Behavior\BuildLiteBehavior [ RunTime:0.000018s ]
INFO: [ app_init ] --END-- [ RunTime:0.000096s ]
SQL: SHOW COLUMNS FROM `wemall_info` [ RunTime:0.0034s ]
SQL: SELECT * FROM `wemall_info` LIMIT 1   [ RunTime:0.0003s ]
INFO: [ app_begin ] --START--
INFO: Run Behavior\ReadHtmlCacheBehavior [ RunTime:0.000977s ]
INFO: [ app_begin ] --END-- [ RunTime:0.001060s ]
SQL: SELECT * FROM `wemall_info` LIMIT 1   [ RunTime:0.0004s ]
SQL: SHOW COLUMNS FROM `wemall_menu` [ RunTime:0.0036s ]
SQL: SELECT * FROM `wemall_menu`  [ RunTime:0.0004s ]
SQL: SHOW COLUMNS FROM `wemall_good` [ RunTime:0.0039s ]
SQL: SELECT * FROM `wemall_good`  [ RunTime:0.0004s ]
SQL: SHOW COLUMNS FROM `wemall_user` [ RunTime:0.0031s ]
SQL: SELECT * FROM `wemall_user` WHERE `uid` = '1' LIMIT 1   [ RunTime:0.0003s ]
SQL: SHOW COLUMNS FROM `wemall_alipay` [ RunTime:0.0042s ]
SQL: SELECT * FROM `wemall_alipay` LIMIT 1   [ RunTime:0.0003s ]
INFO: [ view_parse ] --START--
INFO: [ template_filter ] --START--
INFO: Run Behavior\ContentReplaceBehavior [ RunTime:0.000201s ]
INFO: [ template_filter ] --END-- [ RunTime:0.000283s ]
INFO: Run Behavior\ParseTemplateBehavior [ RunTime:0.015066s ]
INFO: [ view_parse ] --END-- [ RunTime:0.015171s ]
INFO: [ view_filter ] --START--
INFO: Run Behavior\WriteHtmlCacheBehavior [ RunTime:0.000897s ]
INFO: [ view_filter ] --END-- [ RunTime:0.000982s ]
INFO: [ app_end ] --START--
INFO: Run Behavior\ShowPageTraceBehavior [ RunTime:0.001395s ]
INFO: [ app_end ] --END-- [ RunTime:0.001489s ]

[ 2016-03-07T17:37:35+08:00 ] ::1 /wemall2.3.1/index.php?m=App&c=Index&a=index&uid=1
INFO: [ app_init ] --START--
INFO: Run Behavior\BuildLiteBehavior [ RunTime:0.000015s ]
INFO: [ app_init ] --END-- [ RunTime:0.000080s ]
SQL: SHOW COLUMNS FROM `wemall_info` [ RunTime:0.0059s ]
SQL: SELECT * FROM `wemall_info` LIMIT 1   [ RunTime:0.0008s ]
INFO: [ app_begin ] --START--
INFO: Run Behavior\ReadHtmlCacheBehavior [ RunTime:0.001090s ]
INFO: [ app_begin ] --END-- [ RunTime:0.001179s ]
SQL: SELECT * FROM `wemall_info` LIMIT 1   [ RunTime:0.0004s ]
SQL: SHOW COLUMNS FROM `wemall_menu` [ RunTime:0.0037s ]
SQL: SELECT * FROM `wemall_menu`  [ RunTime:0.0003s ]
SQL: SHOW COLUMNS FROM `wemall_good` [ RunTime:0.0038s ]
SQL: SELECT * FROM `wemall_good`  [ RunTime:0.0004s ]
SQL: SHOW COLUMNS FROM `wemall_user` [ RunTime:0.0034s ]
SQL: SELECT * FROM `wemall_user` WHERE `uid` = '1' LIMIT 1   [ RunTime:0.0003s ]
SQL: SHOW COLUMNS FROM `wemall_alipay` [ RunTime:0.0029s ]
SQL: SELECT * FROM `wemall_alipay` LIMIT 1   [ RunTime:0.0003s ]
INFO: [ view_parse ] --START--
INFO: [ template_filter ] --START--
INFO: Run Behavior\ContentReplaceBehavior [ RunTime:0.000161s ]
INFO: [ template_filter ] --END-- [ RunTime:0.000226s ]
INFO: Run Behavior\ParseTemplateBehavior [ RunTime:0.016521s ]
INFO: [ view_parse ] --END-- [ RunTime:0.016620s ]
INFO: [ view_filter ] --START--
INFO: Run Behavior\WriteHtmlCacheBehavior [ RunTime:0.000820s ]
INFO: [ view_filter ] --END-- [ RunTime:0.000899s ]
INFO: [ app_end ] --START--
INFO: Run Behavior\ShowPageTraceBehavior [ RunTime:0.001092s ]
INFO: [ app_end ] --END-- [ RunTime:0.001166s ]

[ 2016-03-07T17:37:39+08:00 ] ::1 /wemall2.3.1/index.php?m=App&c=Index&a=index&uid=1
INFO: [ app_init ] --START--
INFO: Run Behavior\BuildLiteBehavior [ RunTime:0.000022s ]
INFO: [ app_init ] --END-- [ RunTime:0.000119s ]
SQL: SHOW COLUMNS FROM `wemall_info` [ RunTime:0.0078s ]
SQL: SELECT * FROM `wemall_info` LIMIT 1   [ RunTime:0.0003s ]
INFO: [ app_begin ] --START--
INFO: Run Behavior\ReadHtmlCacheBehavior [ RunTime:0.001281s ]
INFO: [ app_begin ] --END-- [ RunTime:0.001379s ]
SQL: SELECT * FROM `wemall_info` LIMIT 1   [ RunTime:0.0004s ]
SQL: SHOW COLUMNS FROM `wemall_menu` [ RunTime:0.0036s ]
SQL: SELECT * FROM `wemall_menu`  [ RunTime:0.0003s ]
SQL: SHOW COLUMNS FROM `wemall_good` [ RunTime:0.0036s ]
SQL: SELECT * FROM `wemall_good`  [ RunTime:0.0004s ]
SQL: SHOW COLUMNS FROM `wemall_user` [ RunTime:0.0034s ]
SQL: SELECT * FROM `wemall_user` WHERE `uid` = '1' LIMIT 1   [ RunTime:0.0003s ]
SQL: SHOW COLUMNS FROM `wemall_alipay` [ RunTime:0.0031s ]
SQL: SELECT * FROM `wemall_alipay` LIMIT 1   [ RunTime:0.0003s ]
INFO: [ view_parse ] --START--
INFO: [ template_filter ] --START--
INFO: Run Behavior\ContentReplaceBehavior [ RunTime:0.000144s ]
INFO: [ template_filter ] --END-- [ RunTime:0.000208s ]
INFO: Run Behavior\ParseTemplateBehavior [ RunTime:0.014462s ]
INFO: [ view_parse ] --END-- [ RunTime:0.014553s ]
INFO: [ view_filter ] --START--
INFO: Run Behavior\WriteHtmlCacheBehavior [ RunTime:0.001318s ]
INFO: [ view_filter ] --END-- [ RunTime:0.001407s ]
INFO: [ app_end ] --START--
INFO: Run Behavior\ShowPageTraceBehavior [ RunTime:0.000883s ]
INFO: [ app_end ] --END-- [ RunTime:0.000952s ]

[ 2016-03-07T17:42:45+08:00 ] ::1 /wemall2.3.1/index.php/App/Index/addorder
INFO: [ app_init ] --START--
INFO: Run Behavior\BuildLiteBehavior [ RunTime:0.000015s ]
INFO: [ app_init ] --END-- [ RunTime:0.000083s ]
SQL: SHOW COLUMNS FROM `wemall_info` [ RunTime:0.0027s ]
SQL: SELECT * FROM `wemall_info` LIMIT 1   [ RunTime:0.0003s ]
INFO: [ app_begin ] --START--
INFO: Run Behavior\ReadHtmlCacheBehavior [ RunTime:0.000849s ]
INFO: [ app_begin ] --END-- [ RunTime:0.000907s ]
NOTIC: [8] Use of undefined constant value - assumed 'value' D:\xampp\htdocs\wemall2.3.1\Application\App\Controller\IndexController.class.php 第 59 行.
NOTIC: [8] Use of undefined constant value - assumed 'value' D:\xampp\htdocs\wemall2.3.1\Application\App\Controller\IndexController.class.php 第 60 行.
NOTIC: [8] Use of undefined constant value - assumed 'value' D:\xampp\htdocs\wemall2.3.1\Application\App\Controller\IndexController.class.php 第 61 行.
NOTIC: [8] Use of undefined constant value - assumed 'value' D:\xampp\htdocs\wemall2.3.1\Application\App\Controller\IndexController.class.php 第 63 行.
NOTIC: [8] Use of undefined constant value - assumed 'value' D:\xampp\htdocs\wemall2.3.1\Application\App\Controller\IndexController.class.php 第 64 行.
NOTIC: [8] Undefined variable: pay_style D:\xampp\htdocs\wemall2.3.1\Application\App\Controller\IndexController.class.php 第 81 行.
SQL: SHOW COLUMNS FROM `wemall_user` [ RunTime:0.0026s ]
SQL: SELECT * FROM `wemall_user` WHERE `uid` = '1' LIMIT 1   [ RunTime:0.0003s ]
SQL: UPDATE `wemall_user` SET `username`='何先生',`phone`='15378708792',`address`='郑州市金水区' WHERE `id` = 1 [ RunTime:0.0003s ]
SQL: SHOW COLUMNS FROM `wemall_order` [ RunTime:0.0032s ]
ERR: 1048:Column 'pay_style' cannot be null
 [ SQL语句 ] : INSERT INTO `wemall_order` (`orderid`,`totalprice`,`pay_style`,`pay_status`,`note`,`order_status`,`time`,`cartdata`,`user_id`) VALUES ('1603070542451','5.00',NULL,'0','','0','2016/03/07 17:42:45','[{\"name\":\"苹果\",\"num\":\"1\",\"price\":\"5\"}]','1')
ERR: 1048:Column 'pay_style' cannot be null
 [ SQL语句 ] : INSERT INTO `wemall_order` (`orderid`,`totalprice`,`pay_style`,`pay_status`,`note`,`order_status`,`time`,`cartdata`,`user_id`) VALUES ('1603070542451','5.00',NULL,'0','','0','2016/03/07 17:42:45','[{\"name\":\"苹果\",\"num\":\"1\",\"price\":\"5\"}]','1')

[ 2016-03-07T17:42:49+08:00 ] ::1 /wemall2.3.1/index.php/App/Index/addorder
INFO: [ app_init ] --START--
INFO: Run Behavior\BuildLiteBehavior [ RunTime:0.000016s ]
INFO: [ app_init ] --END-- [ RunTime:0.000085s ]
SQL: SHOW COLUMNS FROM `wemall_info` [ RunTime:0.0030s ]
SQL: SELECT * FROM `wemall_info` LIMIT 1   [ RunTime:0.0003s ]
INFO: [ app_begin ] --START--
INFO: Run Behavior\ReadHtmlCacheBehavior [ RunTime:0.000832s ]
INFO: [ app_begin ] --END-- [ RunTime:0.000888s ]
NOTIC: [8] Use of undefined constant value - assumed 'value' D:\xampp\htdocs\wemall2.3.1\Application\App\Controller\IndexController.class.php 第 59 行.
NOTIC: [8] Use of undefined constant value - assumed 'value' D:\xampp\htdocs\wemall2.3.1\Application\App\Controller\IndexController.class.php 第 60 行.
NOTIC: [8] Use of undefined constant value - assumed 'value' D:\xampp\htdocs\wemall2.3.1\Application\App\Controller\IndexController.class.php 第 61 行.
NOTIC: [8] Use of undefined constant value - assumed 'value' D:\xampp\htdocs\wemall2.3.1\Application\App\Controller\IndexController.class.php 第 63 行.
NOTIC: [8] Use of undefined constant value - assumed 'value' D:\xampp\htdocs\wemall2.3.1\Application\App\Controller\IndexController.class.php 第 64 行.
NOTIC: [8] Undefined variable: pay_style D:\xampp\htdocs\wemall2.3.1\Application\App\Controller\IndexController.class.php 第 81 行.
SQL: SHOW COLUMNS FROM `wemall_user` [ RunTime:0.0036s ]
SQL: SELECT * FROM `wemall_user` WHERE `uid` = '1' LIMIT 1   [ RunTime:0.0003s ]
SQL: UPDATE `wemall_user` SET `username`='何先生',`phone`='15378708792',`address`='郑州市金水区' WHERE `id` = 1 [ RunTime:0.0002s ]
SQL: SHOW COLUMNS FROM `wemall_order` [ RunTime:0.0032s ]
ERR: 1048:Column 'pay_style' cannot be null
 [ SQL语句 ] : INSERT INTO `wemall_order` (`orderid`,`totalprice`,`pay_style`,`pay_status`,`note`,`order_status`,`time`,`cartdata`,`user_id`) VALUES ('1603070542497','5.00',NULL,'0','','0','2016/03/07 17:42:49','[{\"name\":\"苹果\",\"num\":\"1\",\"price\":\"5\"}]','1')
ERR: 1048:Column 'pay_style' cannot be null
 [ SQL语句 ] : INSERT INTO `wemall_order` (`orderid`,`totalprice`,`pay_style`,`pay_status`,`note`,`order_status`,`time`,`cartdata`,`user_id`) VALUES ('1603070542497','5.00',NULL,'0','','0','2016/03/07 17:42:49','[{\"name\":\"苹果\",\"num\":\"1\",\"price\":\"5\"}]','1')

[ 2016-03-07T17:42:54+08:00 ] ::1 /wemall2.3.1/index.php/App/Index/addorder
INFO: [ app_init ] --START--
INFO: Run Behavior\BuildLiteBehavior [ RunTime:0.000016s ]
INFO: [ app_init ] --END-- [ RunTime:0.000084s ]
SQL: SHOW COLUMNS FROM `wemall_info` [ RunTime:0.0030s ]
SQL: SELECT * FROM `wemall_info` LIMIT 1   [ RunTime:0.0003s ]
INFO: [ app_begin ] --START--
INFO: Run Behavior\ReadHtmlCacheBehavior [ RunTime:0.000857s ]
INFO: [ app_begin ] --END-- [ RunTime:0.000915s ]
NOTIC: [8] Use of undefined constant value - assumed 'value' D:\xampp\htdocs\wemall2.3.1\Application\App\Controller\IndexController.class.php 第 59 行.
NOTIC: [8] Use of undefined constant value - assumed 'value' D:\xampp\htdocs\wemall2.3.1\Application\App\Controller\IndexController.class.php 第 60 行.
NOTIC: [8] Use of undefined constant value - assumed 'value' D:\xampp\htdocs\wemall2.3.1\Application\App\Controller\IndexController.class.php 第 61 行.
NOTIC: [8] Use of undefined constant value - assumed 'value' D:\xampp\htdocs\wemall2.3.1\Application\App\Controller\IndexController.class.php 第 63 行.
NOTIC: [8] Use of undefined constant value - assumed 'value' D:\xampp\htdocs\wemall2.3.1\Application\App\Controller\IndexController.class.php 第 64 行.
NOTIC: [8] Undefined variable: pay_style D:\xampp\htdocs\wemall2.3.1\Application\App\Controller\IndexController.class.php 第 81 行.
SQL: SHOW COLUMNS FROM `wemall_user` [ RunTime:0.0028s ]
SQL: SELECT * FROM `wemall_user` WHERE `uid` = '1' LIMIT 1   [ RunTime:0.0003s ]
SQL: UPDATE `wemall_user` SET `username`='何先生',`phone`='15378708792',`address`='郑州市金水区' WHERE `id` = 1 [ RunTime:0.0002s ]
SQL: SHOW COLUMNS FROM `wemall_order` [ RunTime:0.0033s ]
ERR: 1048:Column 'pay_style' cannot be null
 [ SQL语句 ] : INSERT INTO `wemall_order` (`orderid`,`totalprice`,`pay_style`,`pay_status`,`note`,`order_status`,`time`,`cartdata`,`user_id`) VALUES ('1603070542544','5.00',NULL,'0','','0','2016/03/07 17:42:54','[{\"name\":\"苹果\",\"num\":\"1\",\"price\":\"5\"}]','1')
ERR: 1048:Column 'pay_style' cannot be null
 [ SQL语句 ] : INSERT INTO `wemall_order` (`orderid`,`totalprice`,`pay_style`,`pay_status`,`note`,`order_status`,`time`,`cartdata`,`user_id`) VALUES ('1603070542544','5.00',NULL,'0','','0','2016/03/07 17:42:54','[{\"name\":\"苹果\",\"num\":\"1\",\"price\":\"5\"}]','1')

[ 2016-03-07T17:50:26+08:00 ] ::1 /wemall2.3.1/index.php?m=App&c=Index&a=index&uid=1
INFO: [ app_init ] --START--
INFO: Run Behavior\BuildLiteBehavior [ RunTime:0.000022s ]
INFO: [ app_init ] --END-- [ RunTime:0.000120s ]
SQL: SHOW COLUMNS FROM `wemall_info` [ RunTime:0.0040s ]
SQL: SELECT * FROM `wemall_info` LIMIT 1   [ RunTime:0.0004s ]
INFO: [ app_begin ] --START--
INFO: Run Behavior\ReadHtmlCacheBehavior [ RunTime:0.001246s ]
INFO: [ app_begin ] --END-- [ RunTime:0.001332s ]
SQL: SELECT * FROM `wemall_info` LIMIT 1   [ RunTime:0.0004s ]
SQL: SHOW COLUMNS FROM `wemall_menu` [ RunTime:0.0031s ]
SQL: SELECT * FROM `wemall_menu`  [ RunTime:0.0003s ]
SQL: SHOW COLUMNS FROM `wemall_good` [ RunTime:0.0036s ]
SQL: SELECT * FROM `wemall_good`  [ RunTime:0.0004s ]
SQL: SHOW COLUMNS FROM `wemall_user` [ RunTime:0.0037s ]
SQL: SELECT * FROM `wemall_user` WHERE `uid` = '1' LIMIT 1   [ RunTime:0.0005s ]
SQL: SHOW COLUMNS FROM `wemall_alipay` [ RunTime:0.0036s ]
SQL: SELECT * FROM `wemall_alipay` LIMIT 1   [ RunTime:0.0003s ]
INFO: [ view_parse ] --START--
INFO: [ template_filter ] --START--
INFO: Run Behavior\ContentReplaceBehavior [ RunTime:0.000143s ]
INFO: [ template_filter ] --END-- [ RunTime:0.000205s ]
INFO: Run Behavior\ParseTemplateBehavior [ RunTime:0.013051s ]
INFO: [ view_parse ] --END-- [ RunTime:0.013297s ]
INFO: [ view_filter ] --START--
INFO: Run Behavior\WriteHtmlCacheBehavior [ RunTime:0.001065s ]
INFO: [ view_filter ] --END-- [ RunTime:0.001147s ]
INFO: [ app_end ] --START--
INFO: Run Behavior\ShowPageTraceBehavior [ RunTime:0.001375s ]
INFO: [ app_end ] --END-- [ RunTime:0.001462s ]

[ 2016-03-07T17:50:47+08:00 ] ::1 /wemall2.3.1/index.php?m=App&c=Index&a=index&uid=1
INFO: [ app_init ] --START--
INFO: Run Behavior\BuildLiteBehavior [ RunTime:0.000016s ]
INFO: [ app_init ] --END-- [ RunTime:0.000086s ]
SQL: SHOW COLUMNS FROM `wemall_info` [ RunTime:0.0037s ]
SQL: SELECT * FROM `wemall_info` LIMIT 1   [ RunTime:0.0004s ]
INFO: [ app_begin ] --START--
INFO: Run Behavior\ReadHtmlCacheBehavior [ RunTime:0.001098s ]
INFO: [ app_begin ] --END-- [ RunTime:0.001196s ]
SQL: SELECT * FROM `wemall_info` LIMIT 1   [ RunTime:0.0004s ]
SQL: SHOW COLUMNS FROM `wemall_menu` [ RunTime:0.0040s ]
SQL: SELECT * FROM `wemall_menu`  [ RunTime:0.0005s ]
SQL: SHOW COLUMNS FROM `wemall_good` [ RunTime:0.0050s ]
SQL: SELECT * FROM `wemall_good`  [ RunTime:0.0004s ]
SQL: SHOW COLUMNS FROM `wemall_user` [ RunTime:0.0051s ]
SQL: SELECT * FROM `wemall_user` WHERE `uid` = '1' LIMIT 1   [ RunTime:0.0003s ]
SQL: SHOW COLUMNS FROM `wemall_alipay` [ RunTime:0.0032s ]
SQL: SELECT * FROM `wemall_alipay` LIMIT 1   [ RunTime:0.0003s ]
INFO: [ view_parse ] --START--
INFO: [ template_filter ] --START--
INFO: Run Behavior\ContentReplaceBehavior [ RunTime:0.000146s ]
INFO: [ template_filter ] --END-- [ RunTime:0.000209s ]
INFO: Run Behavior\ParseTemplateBehavior [ RunTime:0.015955s ]
INFO: [ view_parse ] --END-- [ RunTime:0.016058s ]
INFO: [ view_filter ] --START--
INFO: Run Behavior\WriteHtmlCacheBehavior [ RunTime:0.000985s ]
INFO: [ view_filter ] --END-- [ RunTime:0.001063s ]
INFO: [ app_end ] --START--
INFO: Run Behavior\ShowPageTraceBehavior [ RunTime:0.001166s ]
INFO: [ app_end ] --END-- [ RunTime:0.001252s ]

