[ 2014-06-13T13:42:09+08:00 ] 127.0.0.1 /WeMall/
INFO: [ app_begin ] --START--
INFO: ReadHtmlCache Behavior ::run [ RunTime:0.001212s ]
INFO: [ app_begin ] --END-- [ RunTime:0.001402s ]
INFO: [ view_parse ] --START--
INFO: ParseTemplate Behavior ::run [ RunTime:0.011805s ]
INFO: [ view_parse ] --END-- [ RunTime:0.011963s ]
INFO: [ view_filter ] --START--
INFO: ContentReplace Behavior ::run [ RunTime:0.001117s ]
INFO: TokenBuild Behavior ::run [ RunTime:0.001231s ]
INFO: WriteHtmlCache Behavior ::run [ RunTime:0.001090s ]
INFO: ShowRuntime Behavior ::run [ RunTime:0.001769s ]
INFO: [ view_filter ] --END-- [ RunTime:0.005718s ]
INFO: [ view_end ] --START--
INFO: ShowPageTrace Behavior ::run [ RunTime:0.001580s ]
INFO: [ view_end ] --END-- [ RunTime:0.001788s ]

[ 2014-06-13T13:42:10+08:00 ] 127.0.0.1 /WeMall/index.php/Index/verify
INFO: [ route_check ] --START--
INFO: CheckRoute Behavior ::run [ RunTime:0.001335s ]
INFO: [ route_check ] --END-- [ RunTime:0.001483s ]
INFO: [ app_begin ] --START--
INFO: ReadHtmlCache Behavior ::run [ RunTime:0.001262s ]
INFO: [ app_begin ] --END-- [ RunTime:0.001405s ]

[ 2014-06-13T14:17:36+08:00 ] 127.0.0.1 /WeMall/
INFO: [ app_begin ] --START--
INFO: ReadHtmlCache Behavior ::run [ RunTime:0.001365s ]
INFO: [ app_begin ] --END-- [ RunTime:0.001540s ]
INFO: [ view_parse ] --START--
INFO: ParseTemplate Behavior ::run [ RunTime:0.011734s ]
INFO: [ view_parse ] --END-- [ RunTime:0.011893s ]
INFO: [ view_filter ] --START--
INFO: ContentReplace Behavior ::run [ RunTime:0.001162s ]
INFO: TokenBuild Behavior ::run [ RunTime:0.001141s ]
INFO: WriteHtmlCache Behavior ::run [ RunTime:0.000996s ]
INFO: ShowRuntime Behavior ::run [ RunTime:0.001223s ]
INFO: [ view_filter ] --END-- [ RunTime:0.004876s ]
INFO: [ view_end ] --START--
INFO: ShowPageTrace Behavior ::run [ RunTime:0.001325s ]
INFO: [ view_end ] --END-- [ RunTime:0.001438s ]

[ 2014-06-13T14:17:36+08:00 ] 127.0.0.1 /WeMall/index.php/Index/verify
INFO: [ route_check ] --START--
INFO: CheckRoute Behavior ::run [ RunTime:0.001659s ]
INFO: [ route_check ] --END-- [ RunTime:0.001830s ]
INFO: [ app_begin ] --START--
INFO: ReadHtmlCache Behavior ::run [ RunTime:0.001342s ]
INFO: [ app_begin ] --END-- [ RunTime:0.001487s ]

[ 2014-06-13T14:17:38+08:00 ] 127.0.0.1 /WeMall/
INFO: [ app_begin ] --START--
INFO: ReadHtmlCache Behavior ::run [ RunTime:0.001461s ]
INFO: [ app_begin ] --END-- [ RunTime:0.001690s ]
INFO: [ view_parse ] --START--
INFO: ParseTemplate Behavior ::run [ RunTime:0.013562s ]
INFO: [ view_parse ] --END-- [ RunTime:0.013717s ]
INFO: [ view_filter ] --START--
INFO: ContentReplace Behavior ::run [ RunTime:0.001193s ]
INFO: TokenBuild Behavior ::run [ RunTime:0.001118s ]
INFO: WriteHtmlCache Behavior ::run [ RunTime:0.000983s ]
INFO: ShowRuntime Behavior ::run [ RunTime:0.001244s ]
INFO: [ view_filter ] --END-- [ RunTime:0.004852s ]
INFO: [ view_end ] --START--
INFO: ShowPageTrace Behavior ::run [ RunTime:0.001326s ]
INFO: [ view_end ] --END-- [ RunTime:0.001451s ]

[ 2014-06-13T14:17:38+08:00 ] 127.0.0.1 /WeMall/index.php/Index/verify
INFO: [ route_check ] --START--
INFO: CheckRoute Behavior ::run [ RunTime:0.001690s ]
INFO: [ route_check ] --END-- [ RunTime:0.001841s ]
INFO: [ app_begin ] --START--
INFO: ReadHtmlCache Behavior ::run [ RunTime:0.002344s ]
INFO: [ app_begin ] --END-- [ RunTime:0.002640s ]

[ 2014-06-13T14:17:39+08:00 ] 127.0.0.1 /WeMall/
INFO: [ app_begin ] --START--
INFO: ReadHtmlCache Behavior ::run [ RunTime:0.001631s ]
INFO: [ app_begin ] --END-- [ RunTime:0.001856s ]
INFO: [ view_parse ] --START--
INFO: ParseTemplate Behavior ::run [ RunTime:0.013192s ]
INFO: [ view_parse ] --END-- [ RunTime:0.013361s ]
INFO: [ view_filter ] --START--
INFO: ContentReplace Behavior ::run [ RunTime:0.001330s ]
INFO: TokenBuild Behavior ::run [ RunTime:0.002684s ]
INFO: WriteHtmlCache Behavior ::run [ RunTime:0.000958s ]
INFO: ShowRuntime Behavior ::run [ RunTime:0.001312s ]
INFO: [ view_filter ] --END-- [ RunTime:0.006658s ]
INFO: [ view_end ] --START--
INFO: ShowPageTrace Behavior ::run [ RunTime:0.001464s ]
INFO: [ view_end ] --END-- [ RunTime:0.001596s ]

[ 2014-06-13T14:17:39+08:00 ] 127.0.0.1 /WeMall/index.php/Index/verify
INFO: [ route_check ] --START--
INFO: CheckRoute Behavior ::run [ RunTime:0.003018s ]
INFO: [ route_check ] --END-- [ RunTime:0.003290s ]
INFO: [ app_begin ] --START--
INFO: ReadHtmlCache Behavior ::run [ RunTime:0.001239s ]
INFO: [ app_begin ] --END-- [ RunTime:0.001444s ]

[ 2014-06-13T14:56:11+08:00 ] 127.0.0.1 /WeMall/index.php
INFO: [ app_begin ] --START--
INFO: ReadHtmlCache Behavior ::run [ RunTime:0.001848s ]
INFO: [ app_begin ] --END-- [ RunTime:0.002060s ]
INFO: [ view_parse ] --START--
INFO: ParseTemplate Behavior ::run [ RunTime:0.012692s ]
INFO: [ view_parse ] --END-- [ RunTime:0.012862s ]
INFO: [ view_filter ] --START--
INFO: ContentReplace Behavior ::run [ RunTime:0.001122s ]
INFO: TokenBuild Behavior ::run [ RunTime:0.001068s ]
INFO: WriteHtmlCache Behavior ::run [ RunTime:0.001103s ]
INFO: ShowRuntime Behavior ::run [ RunTime:0.001254s ]
INFO: [ view_filter ] --END-- [ RunTime:0.004873s ]
INFO: [ view_end ] --START--
INFO: ShowPageTrace Behavior ::run [ RunTime:0.001284s ]
INFO: [ view_end ] --END-- [ RunTime:0.001393s ]

[ 2014-06-13T14:56:11+08:00 ] 127.0.0.1 /WeMall/index.php/Index/verify
INFO: [ route_check ] --START--
INFO: CheckRoute Behavior ::run [ RunTime:0.002455s ]
INFO: [ route_check ] --END-- [ RunTime:0.002673s ]
INFO: [ app_begin ] --START--
INFO: ReadHtmlCache Behavior ::run [ RunTime:0.001732s ]
INFO: [ app_begin ] --END-- [ RunTime:0.001955s ]

[ 2014-06-13T14:57:01+08:00 ] 127.0.0.1 /WeMall/index.php
INFO: [ app_begin ] --START--
INFO: ReadHtmlCache Behavior ::run [ RunTime:0.001911s ]
INFO: [ app_begin ] --END-- [ RunTime:0.002105s ]
INFO: [ view_parse ] --START--
INFO: ParseTemplate Behavior ::run [ RunTime:0.015156s ]
INFO: [ view_parse ] --END-- [ RunTime:0.015330s ]
INFO: [ view_filter ] --START--
INFO: ContentReplace Behavior ::run [ RunTime:0.001986s ]
INFO: TokenBuild Behavior ::run [ RunTime:0.001755s ]
INFO: WriteHtmlCache Behavior ::run [ RunTime:0.001595s ]
INFO: ShowRuntime Behavior ::run [ RunTime:0.001824s ]
INFO: [ view_filter ] --END-- [ RunTime:0.007566s ]
INFO: [ view_end ] --START--
INFO: ShowPageTrace Behavior ::run [ RunTime:0.002366s ]
INFO: [ view_end ] --END-- [ RunTime:0.002556s ]

[ 2014-06-13T14:57:01+08:00 ] 127.0.0.1 /WeMall/index.php/Index/verify
INFO: [ route_check ] --START--
INFO: CheckRoute Behavior ::run [ RunTime:0.002105s ]
INFO: [ route_check ] --END-- [ RunTime:0.002319s ]
INFO: [ app_begin ] --START--
INFO: ReadHtmlCache Behavior ::run [ RunTime:0.001124s ]
INFO: [ app_begin ] --END-- [ RunTime:0.001263s ]

[ 2014-06-13T14:57:06+08:00 ] 127.0.0.1 /WeMall/
INFO: [ app_begin ] --START--
INFO: ReadHtmlCache Behavior ::run [ RunTime:0.000914s ]
INFO: [ app_begin ] --END-- [ RunTime:0.001081s ]
INFO: [ view_parse ] --START--
INFO: ParseTemplate Behavior ::run [ RunTime:0.011382s ]
INFO: [ view_parse ] --END-- [ RunTime:0.011527s ]
INFO: [ view_filter ] --START--
INFO: ContentReplace Behavior ::run [ RunTime:0.000886s ]
INFO: TokenBuild Behavior ::run [ RunTime:0.000873s ]
INFO: WriteHtmlCache Behavior ::run [ RunTime:0.000731s ]
INFO: ShowRuntime Behavior ::run [ RunTime:0.000933s ]
INFO: [ view_filter ] --END-- [ RunTime:0.003733s ]
INFO: [ view_end ] --START--
INFO: ShowPageTrace Behavior ::run [ RunTime:0.001033s ]
INFO: [ view_end ] --END-- [ RunTime:0.001142s ]

[ 2014-06-13T14:57:06+08:00 ] 127.0.0.1 /WeMall/index.php/Index/verify
INFO: [ route_check ] --START--
INFO: CheckRoute Behavior ::run [ RunTime:0.001424s ]
INFO: [ route_check ] --END-- [ RunTime:0.001624s ]
INFO: [ app_begin ] --START--
INFO: ReadHtmlCache Behavior ::run [ RunTime:0.001080s ]
INFO: [ app_begin ] --END-- [ RunTime:0.001268s ]

[ 2014-06-13T14:58:12+08:00 ] 127.0.0.1 /WeMall/index.php
INFO: [ app_begin ] --START--
INFO: ReadHtmlCache Behavior ::run [ RunTime:0.001309s ]
INFO: [ app_begin ] --END-- [ RunTime:0.001498s ]
INFO: [ view_parse ] --START--
INFO: ParseTemplate Behavior ::run [ RunTime:0.010483s ]
INFO: [ view_parse ] --END-- [ RunTime:0.010683s ]
INFO: [ view_filter ] --START--
INFO: ContentReplace Behavior ::run [ RunTime:0.001305s ]
INFO: TokenBuild Behavior ::run [ RunTime:0.000980s ]
INFO: WriteHtmlCache Behavior ::run [ RunTime:0.000812s ]
INFO: ShowRuntime Behavior ::run [ RunTime:0.001487s ]
INFO: [ view_filter ] --END-- [ RunTime:0.005086s ]
INFO: [ view_end ] --START--
INFO: ShowPageTrace Behavior ::run [ RunTime:0.001422s ]
INFO: [ view_end ] --END-- [ RunTime:0.001585s ]

[ 2014-06-13T14:58:12+08:00 ] 127.0.0.1 /WeMall/index.php/Index/verify
INFO: [ route_check ] --START--
INFO: CheckRoute Behavior ::run [ RunTime:0.001915s ]
INFO: [ route_check ] --END-- [ RunTime:0.002113s ]
INFO: [ app_begin ] --START--
INFO: ReadHtmlCache Behavior ::run [ RunTime:0.000948s ]
INFO: [ app_begin ] --END-- [ RunTime:0.001070s ]

[ 2014-06-13T15:02:19+08:00 ] 127.0.0.1 /WeMall/index.php
INFO: [ app_begin ] --START--
INFO: ReadHtmlCache Behavior ::run [ RunTime:0.001468s ]
INFO: [ app_begin ] --END-- [ RunTime:0.001657s ]
INFO: [ view_parse ] --START--
INFO: ParseTemplate Behavior ::run [ RunTime:0.011001s ]
INFO: [ view_parse ] --END-- [ RunTime:0.011169s ]
INFO: [ view_filter ] --START--
INFO: ContentReplace Behavior ::run [ RunTime:0.000989s ]
INFO: TokenBuild Behavior ::run [ RunTime:0.000851s ]
INFO: WriteHtmlCache Behavior ::run [ RunTime:0.000700s ]
INFO: ShowRuntime Behavior ::run [ RunTime:0.000957s ]
INFO: [ view_filter ] --END-- [ RunTime:0.003830s ]
INFO: [ view_end ] --START--
INFO: ShowPageTrace Behavior ::run [ RunTime:0.001047s ]
INFO: [ view_end ] --END-- [ RunTime:0.001161s ]

[ 2014-06-13T15:02:19+08:00 ] 127.0.0.1 /WeMall/index.php/Index/verify
INFO: [ route_check ] --START--
INFO: CheckRoute Behavior ::run [ RunTime:0.001840s ]
INFO: [ route_check ] --END-- [ RunTime:0.002086s ]
INFO: [ app_begin ] --START--
INFO: ReadHtmlCache Behavior ::run [ RunTime:0.001424s ]
INFO: [ app_begin ] --END-- [ RunTime:0.001778s ]

[ 2014-06-13T15:03:20+08:00 ] 127.0.0.1 /WeMall/index.php
INFO: [ app_begin ] --START--
INFO: ReadHtmlCache Behavior ::run [ RunTime:0.000976s ]
INFO: [ app_begin ] --END-- [ RunTime:0.001157s ]
INFO: [ view_parse ] --START--
INFO: ParseTemplate Behavior ::run [ RunTime:0.009739s ]
INFO: [ view_parse ] --END-- [ RunTime:0.009890s ]
INFO: [ view_filter ] --START--
INFO: ContentReplace Behavior ::run [ RunTime:0.000840s ]
INFO: TokenBuild Behavior ::run [ RunTime:0.000823s ]
INFO: WriteHtmlCache Behavior ::run [ RunTime:0.000608s ]
INFO: ShowRuntime Behavior ::run [ RunTime:0.000859s ]
INFO: [ view_filter ] --END-- [ RunTime:0.003463s ]
INFO: [ view_end ] --START--
INFO: ShowPageTrace Behavior ::run [ RunTime:0.000954s ]
INFO: [ view_end ] --END-- [ RunTime:0.001082s ]

[ 2014-06-13T15:03:20+08:00 ] 127.0.0.1 /WeMall/index.php/Index/verify
INFO: [ route_check ] --START--
INFO: CheckRoute Behavior ::run [ RunTime:0.001541s ]
INFO: [ route_check ] --END-- [ RunTime:0.001690s ]
INFO: [ app_begin ] --START--
INFO: ReadHtmlCache Behavior ::run [ RunTime:0.001392s ]
INFO: [ app_begin ] --END-- [ RunTime:0.001535s ]

